2019-12-02 20:42:35.819  INFO [organization,,,] 10435 --- [restartedMain] b.c.PropertySourceBootstrapConfiguration : Located property source: CompositePropertySource {name='NACOS', propertySources=[NacosPropertySource {name='organization.yml'}]}
2019-12-02 20:42:35.896  INFO [organization,,,] 10435 --- [restartedMain] c.s.c.s.o.OrganizationApplication        : No active profile set, falling back to default profiles: default
2019-12-02 20:42:37.158  WARN [organization,,,] 10435 --- [restartedMain] o.s.boot.actuate.endpoint.EndpointId     : Endpoint ID 'nacos-config' contains invalid characters, please migrate to a valid format.
2019-12-02 20:42:37.161  WARN [organization,,,] 10435 --- [restartedMain] o.s.boot.actuate.endpoint.EndpointId     : Endpoint ID 'nacos-discovery' contains invalid characters, please migrate to a valid format.
2019-12-02 20:42:37.367  WARN [organization,,,] 10435 --- [restartedMain] o.s.boot.actuate.endpoint.EndpointId     : Endpoint ID 'bus-env' contains invalid characters, please migrate to a valid format.
2019-12-02 20:42:37.372  WARN [organization,,,] 10435 --- [restartedMain] o.s.boot.actuate.endpoint.EndpointId     : Endpoint ID 'bus-refresh' contains invalid characters, please migrate to a valid format.
2019-12-02 20:42:37.568  INFO [organization,,,] 10435 --- [restartedMain] .s.d.r.c.RepositoryConfigurationDelegate : Multiple Spring Data modules found, entering strict repository configuration mode!
2019-12-02 20:42:37.571  INFO [organization,,,] 10435 --- [restartedMain] .s.d.r.c.RepositoryConfigurationDelegate : Bootstrapping Spring Data repositories in DEFAULT mode.
2019-12-02 20:42:37.599  INFO [organization,,,] 10435 --- [restartedMain] .s.d.r.c.RepositoryConfigurationDelegate : Finished Spring Data repository scanning in 13ms. Found 0 repository interfaces.
2019-12-02 20:42:37.696  WARN [organization,,,] 10435 --- [restartedMain] o.s.boot.actuate.endpoint.EndpointId     : Endpoint ID 'service-registry' contains invalid characters, please migrate to a valid format.
2019-12-02 20:42:38.213  INFO [organization,,,] 10435 --- [restartedMain] o.s.cloud.context.scope.GenericScope     : BeanFactory id=fab7bc68-78c7-37c4-9a15-14f422b9a575
2019-12-02 20:42:38.244  INFO [organization,,,] 10435 --- [restartedMain] faultConfiguringBeanFactoryPostProcessor : No bean named 'errorChannel' has been explicitly defined. Therefore, a default PublishSubscribeChannel will be created.
2019-12-02 20:42:38.251  INFO [organization,,,] 10435 --- [restartedMain] faultConfiguringBeanFactoryPostProcessor : No bean named 'taskScheduler' has been explicitly defined. Therefore, a default ThreadPoolTaskScheduler will be created.
2019-12-02 20:42:38.257  INFO [organization,,,] 10435 --- [restartedMain] faultConfiguringBeanFactoryPostProcessor : No bean named 'integrationHeaderChannelRegistry' has been explicitly defined. Therefore, a default DefaultHeaderChannelRegistry will be created.
2019-12-02 20:42:38.582  INFO [organization,,,] 10435 --- [restartedMain] trationDelegate$BeanPostProcessorChecker : Bean 'com.alicp.jetcache.anno.config.JetCacheProxyConfiguration' of type [com.alicp.jetcache.anno.config.JetCacheProxyConfiguration$$EnhancerBySpringCGLIB$$fa80fddd] is not eligible for getting processed by all BeanPostProcessors (for example: not eligible for auto-proxying)
2019-12-02 20:42:38.599  INFO [organization,,,] 10435 --- [restartedMain] trationDelegate$BeanPostProcessorChecker : Bean 'com.alicp.jetcache.anno.config.CommonConfiguration' of type [com.alicp.jetcache.anno.config.CommonConfiguration$$EnhancerBySpringCGLIB$$79874355] is not eligible for getting processed by all BeanPostProcessors (for example: not eligible for auto-proxying)
2019-12-02 20:42:38.622  INFO [organization,,,] 10435 --- [restartedMain] trationDelegate$BeanPostProcessorChecker : Bean 'org.springframework.transaction.annotation.ProxyTransactionManagementConfiguration' of type [org.springframework.transaction.annotation.ProxyTransactionManagementConfiguration$$EnhancerBySpringCGLIB$$ee193ac6] is not eligible for getting processed by all BeanPostProcessors (for example: not eligible for auto-proxying)
2019-12-02 20:42:38.656  INFO [organization,,,] 10435 --- [restartedMain] trationDelegate$BeanPostProcessorChecker : Bean 'myRedisConfig' of type [com.springboot.cloud.sysadmin.organization.config.MyRedisConfig$$EnhancerBySpringCGLIB$$3f496c1a] is not eligible for getting processed by all BeanPostProcessors (for example: not eligible for auto-proxying)
2019-12-02 20:42:38.714  INFO [organization,,,] 10435 --- [restartedMain] trationDelegate$BeanPostProcessorChecker : Bean 'org.springframework.cloud.stream.config.BindersHealthIndicatorAutoConfiguration' of type [org.springframework.cloud.stream.config.BindersHealthIndicatorAutoConfiguration$$EnhancerBySpringCGLIB$$31f3d46a] is not eligible for getting processed by all BeanPostProcessors (for example: not eligible for auto-proxying)
2019-12-02 20:42:38.723  INFO [organization,,,] 10435 --- [restartedMain] trationDelegate$BeanPostProcessorChecker : Bean 'bindersHealthIndicator' of type [org.springframework.boot.actuate.health.CompositeHealthIndicator] is not eligible for getting processed by all BeanPostProcessors (for example: not eligible for auto-proxying)
2019-12-02 20:42:38.727  INFO [organization,,,] 10435 --- [restartedMain] trationDelegate$BeanPostProcessorChecker : Bean 'bindersHealthIndicatorListener' of type [org.springframework.cloud.stream.config.BindersHealthIndicatorAutoConfiguration$BindersHealthIndicatorListener] is not eligible for getting processed by all BeanPostProcessors (for example: not eligible for auto-proxying)
2019-12-02 20:42:38.739  INFO [organization,,,] 10435 --- [restartedMain] trationDelegate$BeanPostProcessorChecker : Bean 'org.springframework.cloud.stream.binder.rabbit.config.ExtendedBindingHandlerMappingsProviderConfiguration' of type [org.springframework.cloud.stream.binder.rabbit.config.ExtendedBindingHandlerMappingsProviderConfiguration$$EnhancerBySpringCGLIB$$e3f924df] is not eligible for getting processed by all BeanPostProcessors (for example: not eligible for auto-proxying)
2019-12-02 20:42:38.745  INFO [organization,,,] 10435 --- [restartedMain] trationDelegate$BeanPostProcessorChecker : Bean 'rabbitExtendedPropertiesDefaultMappingsProvider' of type [org.springframework.cloud.stream.binder.rabbit.config.ExtendedBindingHandlerMappingsProviderConfiguration$$Lambda$394/0x0000000801068440] is not eligible for getting processed by all BeanPostProcessors (for example: not eligible for auto-proxying)
2019-12-02 20:42:38.792  INFO [organization,,,] 10435 --- [restartedMain] trationDelegate$BeanPostProcessorChecker : Bean 'BindingHandlerAdvise' of type [org.springframework.cloud.stream.config.BindingHandlerAdvise] is not eligible for getting processed by all BeanPostProcessors (for example: not eligible for auto-proxying)
2019-12-02 20:42:38.811  INFO [organization,,,] 10435 --- [restartedMain] trationDelegate$BeanPostProcessorChecker : Bean 'spelConverter' of type [org.springframework.cloud.stream.config.SpelExpressionConverterConfiguration$SpelConverter] is not eligible for getting processed by all BeanPostProcessors (for example: not eligible for auto-proxying)
2019-12-02 20:42:38.849  INFO [organization,,,] 10435 --- [restartedMain] trationDelegate$BeanPostProcessorChecker : Bean 'spring.cloud.sentinel-com.alibaba.cloud.sentinel.SentinelProperties' of type [com.alibaba.cloud.sentinel.SentinelProperties] is not eligible for getting processed by all BeanPostProcessors (for example: not eligible for auto-proxying)
2019-12-02 20:42:38.917  INFO [organization,,,] 10435 --- [restartedMain] trationDelegate$BeanPostProcessorChecker : Bean 'com.alibaba.cloud.sentinel.custom.SentinelAutoConfiguration' of type [com.alibaba.cloud.sentinel.custom.SentinelAutoConfiguration$$EnhancerBySpringCGLIB$$11c0a8a3] is not eligible for getting processed by all BeanPostProcessors (for example: not eligible for auto-proxying)
2019-12-02 20:42:38.942  INFO [organization,,,] 10435 --- [restartedMain] trationDelegate$BeanPostProcessorChecker : Bean 'integrationDisposableAutoCreatedBeans' of type [org.springframework.integration.config.annotation.Disposables] is not eligible for getting processed by all BeanPostProcessors (for example: not eligible for auto-proxying)
2019-12-02 20:42:38.986  INFO [organization,,,] 10435 --- [restartedMain] trationDelegate$BeanPostProcessorChecker : Bean 'org.springframework.integration.config.IntegrationManagementConfiguration' of type [org.springframework.integration.config.IntegrationManagementConfiguration$$EnhancerBySpringCGLIB$$590af5f5] is not eligible for getting processed by all BeanPostProcessors (for example: not eligible for auto-proxying)
2019-12-02 20:42:39.003  INFO [organization,,,] 10435 --- [restartedMain] trationDelegate$BeanPostProcessorChecker : Bean 'org.springframework.boot.autoconfigure.integration.IntegrationAutoConfiguration$IntegrationJmxConfiguration' of type [org.springframework.boot.autoconfigure.integration.IntegrationAutoConfiguration$IntegrationJmxConfiguration$$EnhancerBySpringCGLIB$$349d0115] is not eligible for getting processed by all BeanPostProcessors (for example: not eligible for auto-proxying)
2019-12-02 20:42:39.016  INFO [organization,,,] 10435 --- [restartedMain] trationDelegate$BeanPostProcessorChecker : Bean 'org.springframework.boot.autoconfigure.jmx.JmxAutoConfiguration' of type [org.springframework.boot.autoconfigure.jmx.JmxAutoConfiguration$$EnhancerBySpringCGLIB$$6d84a9e2] is not eligible for getting processed by all BeanPostProcessors (for example: not eligible for auto-proxying)
2019-12-02 20:42:39.026  INFO [organization,,,] 10435 --- [restartedMain] trationDelegate$BeanPostProcessorChecker : Bean 'mbeanServer' of type [com.sun.jmx.mbeanserver.JmxMBeanServer] is not eligible for getting processed by all BeanPostProcessors (for example: not eligible for auto-proxying)
2019-12-02 20:42:39.079  INFO [organization,,,] 10435 --- [restartedMain] trationDelegate$BeanPostProcessorChecker : Bean 'org.springframework.cloud.autoconfigure.ConfigurationPropertiesRebinderAutoConfiguration' of type [org.springframework.cloud.autoconfigure.ConfigurationPropertiesRebinderAutoConfiguration$$EnhancerBySpringCGLIB$$a333dc3] is not eligible for getting processed by all BeanPostProcessors (for example: not eligible for auto-proxying)
2019-12-02 20:42:40.055  INFO [organization,,,] 10435 --- [restartedMain] o.s.b.w.embedded.tomcat.TomcatWebServer  : Tomcat initialized with port(s): 8010 (http)
2019-12-02 20:42:40.098  INFO [organization,,,] 10435 --- [restartedMain] o.apache.catalina.core.StandardService   : Starting service [Tomcat]
2019-12-02 20:42:40.099  INFO [organization,,,] 10435 --- [restartedMain] org.apache.catalina.core.StandardEngine  : Starting Servlet engine: [Apache Tomcat/9.0.17]
2019-12-02 20:42:40.285  INFO [organization,,,] 10435 --- [restartedMain] o.a.c.c.C.[Tomcat].[localhost].[/]       : Initializing Spring embedded WebApplicationContext
2019-12-02 20:42:40.285  INFO [organization,,,] 10435 --- [restartedMain] o.s.web.context.ContextLoader            : Root WebApplicationContext: initialization completed in 4369 ms
2019-12-02 20:42:40.330  INFO [organization,,,] 10435 --- [restartedMain] c.a.c.s.SentinelWebAutoConfiguration     : [Sentinel Starter] register Sentinel CommonFilter with urlPatterns: [/*].
2019-12-02 20:42:42.266  INFO [organization,,,] 10435 --- [restartedMain] c.a.d.s.b.a.DruidDataSourceAutoConfigure : Init DruidDataSource
2019-12-02 20:42:42.803  INFO [organization,,,] 10435 --- [restartedMain] com.alibaba.druid.pool.DruidDataSource   : {dataSource-1} inited
2019-12-02 20:42:43.986  INFO [organization,,,] 10435 --- [restartedMain] com.alibaba.nacos.client.naming          : initializer namespace from System Property :null
2019-12-02 20:42:43.992  INFO [organization,,,] 10435 --- [restartedMain] com.alibaba.nacos.client.naming          : initializer namespace from System Environment :null
2019-12-02 20:42:44.000  INFO [organization,,,] 10435 --- [restartedMain] com.alibaba.nacos.client.naming          : initializer namespace from System Property :null
2019-12-02 20:42:44.588  INFO [organization,,,] 10435 --- [restartedMain] o.s.s.c.ThreadPoolTaskScheduler          : Initializing ExecutorService 'taskScheduler'
2019-12-02 20:42:47.779  INFO [organization,,,] 10435 --- [restartedMain] o.s.b.a.e.web.EndpointLinksResolver      : Exposing 28 endpoint(s) beneath base path '/actuator'
2019-12-02 20:42:47.909  INFO [organization,,,] 10435 --- [restartedMain] c.s.c.s.organization.config.BusConfig    : queue name:event-organization
2019-12-02 20:42:47.913  INFO [organization,,,] 10435 --- [restartedMain] c.s.c.s.organization.config.BusConfig    : exchange:spring-boot-exchange
2019-12-02 20:42:47.923  INFO [organization,,,] 10435 --- [restartedMain] c.s.c.s.organization.config.BusConfig    : binding Queue [name=event-organization, durable=false, autoDelete=false, exclusive=false, arguments={}, actualName=event-organization] to Exchange [name=spring-boot-exchange, type=topic, durable=true, autoDelete=false, internal=false, arguments={}] with organization-resource
2019-12-02 20:42:47.957  INFO [organization,,,] 10435 --- [restartedMain] pertySourcedRequestMappingHandlerMapping : Mapped URL path [/v2/api-docs] onto method [public org.springframework.http.ResponseEntity<springfox.documentation.spring.web.json.Json> springfox.documentation.swagger2.web.Swagger2Controller.getDocumentation(java.lang.String,javax.servlet.http.HttpServletRequest)]
2019-12-02 20:42:48.039  WARN [organization,,,] 10435 --- [restartedMain] c.n.c.sources.URLConfigurationSource     : No URLs will be polled as dynamic configuration sources.
2019-12-02 20:42:48.040  INFO [organization,,,] 10435 --- [restartedMain] c.n.c.sources.URLConfigurationSource     : To enable URLs as dynamic configuration sources, define System property archaius.configurationSource.additionalUrls or make config.properties available on classpath.
2019-12-02 20:42:48.048  WARN [organization,,,] 10435 --- [restartedMain] c.n.c.sources.URLConfigurationSource     : No URLs will be polled as dynamic configuration sources.
2019-12-02 20:42:48.049  INFO [organization,,,] 10435 --- [restartedMain] c.n.c.sources.URLConfigurationSource     : To enable URLs as dynamic configuration sources, define System property archaius.configurationSource.additionalUrls or make config.properties available on classpath.
2019-12-02 20:42:48.291  INFO [organization,,,] 10435 --- [restartedMain] o.s.s.concurrent.ThreadPoolTaskExecutor  : Initializing ExecutorService 'applicationTaskExecutor'
2019-12-02 20:42:48.396  INFO [organization,,,] 10435 --- [restartedMain] o.s.b.d.a.OptionalLiveReloadServer       : LiveReload server is running on port 35729
2019-12-02 20:42:48.617  INFO [organization,,,] 10435 --- [restartedMain] o.s.s.c.ThreadPoolTaskScheduler          : Initializing ExecutorService
2019-12-02 20:42:48.719  INFO [organization,,,] 10435 --- [restartedMain] c.a.j.a.AbstractCacheAutoInit            : init cache area default , type= redis
2019-12-02 20:42:48.744  INFO [organization,,,] 10435 --- [restartedMain] c.a.j.a.AbstractCacheAutoInit            : init cache area longTime , type= redis
2019-12-02 20:42:48.747  INFO [organization,,,] 10435 --- [restartedMain] c.a.j.a.AbstractCacheAutoInit            : init cache area shortTime , type= redis
2019-12-02 20:42:48.753  INFO [organization,,,] 10435 --- [restartedMain] c.a.j.a.AbstractCacheAutoInit            : init cache area default , type= caffeine
2019-12-02 20:42:48.754  INFO [organization,,,] 10435 --- [restartedMain] c.a.j.a.AbstractCacheAutoInit            : init cache area longTime , type= caffeine
2019-12-02 20:42:48.754  INFO [organization,,,] 10435 --- [restartedMain] c.a.j.a.AbstractCacheAutoInit            : init cache area shortTime , type= caffeine
2019-12-02 20:42:48.780  INFO [organization,,,] 10435 --- [restartedMain] c.a.j.s.DefaultCacheMonitorManager       : cache stat period at 15 MINUTES
2019-12-02 20:42:50.242  INFO [organization,,,] 10435 --- [restartedMain] o.s.c.s.m.DirectWithAttributesChannel    : Channel 'organization-1.springCloudBusInput' has 1 subscriber(s).
2019-12-02 20:42:50.387  INFO [organization,,,] 10435 --- [restartedMain] o.s.i.monitor.IntegrationMBeanExporter   : Registering MessageChannel springCloudBusOutput
2019-12-02 20:42:50.451  INFO [organization,,,] 10435 --- [restartedMain] o.s.i.monitor.IntegrationMBeanExporter   : Registering MessageChannel springCloudBusInput
2019-12-02 20:42:50.464  INFO [organization,,,] 10435 --- [restartedMain] o.s.i.monitor.IntegrationMBeanExporter   : Registering MessageChannel errorChannel
2019-12-02 20:42:50.497  INFO [organization,,,] 10435 --- [restartedMain] o.s.i.monitor.IntegrationMBeanExporter   : Registering MessageChannel nullChannel
2019-12-02 20:42:50.519  INFO [organization,,,] 10435 --- [restartedMain] o.s.i.monitor.IntegrationMBeanExporter   : Registering MessageHandler errorLogger
2019-12-02 20:42:50.535  INFO [organization,,,] 10435 --- [restartedMain] o.s.i.monitor.IntegrationMBeanExporter   : Registering MessageHandler org.springframework.cloud.stream.binding.StreamListenerMessageHandler@49fec54
2019-12-02 20:42:50.629  INFO [organization,,,] 10435 --- [restartedMain] o.s.i.endpoint.EventDrivenConsumer       : Adding {logging-channel-adapter:_org.springframework.integration.errorLogger} as a subscriber to the 'errorChannel' channel
2019-12-02 20:42:50.629  INFO [organization,,,] 10435 --- [restartedMain] o.s.i.channel.PublishSubscribeChannel    : Channel 'organization-1.errorChannel' has 1 subscriber(s).
2019-12-02 20:42:50.629  INFO [organization,,,] 10435 --- [restartedMain] o.s.i.endpoint.EventDrivenConsumer       : started _org.springframework.integration.errorLogger
2019-12-02 20:42:50.697  INFO [organization,,,] 10435 --- [restartedMain] b.c.PropertySourceBootstrapConfiguration : Located property source: CompositePropertySource {name='NACOS', propertySources=[NacosPropertySource {name='organization.yml'}]}
2019-12-02 20:42:50.860  INFO [organization,,,] 10435 --- [restartedMain] c.a.n.client.config.impl.ClientWorker    : [fixed-localhost_8848] [subscribe] organization.yml+DEFAULT_GROUP
2019-12-02 20:42:50.861  INFO [organization,,,] 10435 --- [restartedMain] c.a.nacos.client.config.impl.CacheData   : [fixed-localhost_8848] [add-listener] ok, tenant=, dataId=organization.yml, group=DEFAULT_GROUP, cnt=1
2019-12-02 20:42:50.906  INFO [organization,,,] 10435 --- [restartedMain] o.s.a.r.c.CachingConnectionFactory       : Attempting to connect to: [localhost:5672]
2019-12-02 20:42:51.007  INFO [organization,,,] 10435 --- [restartedMain] o.s.a.r.c.CachingConnectionFactory       : Created new connection: rabbitConnectionFactory#453bed70:0/SimpleConnection@4e69dc25 [delegate=amqp://guest@127.0.0.1:5672/, localPort= 63018]
2019-12-02 20:42:51.020  INFO [organization,,,] 10435 --- [restartedMain] o.s.amqp.rabbit.core.RabbitAdmin         : Auto-declaring a non-durable, auto-delete, or exclusive Queue (event-organization) durable:false, auto-delete:false, exclusive:false. It will be redeclared if the broker stops and is restarted while the connection factory is alive, but all messages will be lost.
2019-12-02 20:42:51.102  INFO [organization,,,] 10435 --- [restartedMain] o.s.c.s.m.DirectWithAttributesChannel    : Channel 'organization-1.springCloudBusOutput' has 1 subscriber(s).
2019-12-02 20:42:51.139  INFO [organization,,,] 10435 --- [restartedMain] c.s.b.r.p.RabbitExchangeQueueProvisioner : declaring queue for inbound: springCloudBus.anonymous.gDOM4EqGScuA1adlPbP3AA, bound to: springCloudBus
2019-12-02 20:42:51.174  INFO [organization,,,] 10435 --- [restartedMain] o.s.i.monitor.IntegrationMBeanExporter   : Registering MessageChannel springCloudBus.anonymous.gDOM4EqGScuA1adlPbP3AA.errors
2019-12-02 20:42:51.210  INFO [organization,,,] 10435 --- [restartedMain] o.s.c.stream.binder.BinderErrorChannel   : Channel 'organization-1.springCloudBus.anonymous.gDOM4EqGScuA1adlPbP3AA.errors' has 1 subscriber(s).
2019-12-02 20:42:51.210  INFO [organization,,,] 10435 --- [restartedMain] o.s.c.stream.binder.BinderErrorChannel   : Channel 'organization-1.springCloudBus.anonymous.gDOM4EqGScuA1adlPbP3AA.errors' has 2 subscriber(s).
2019-12-02 20:42:51.246  INFO [organization,,,] 10435 --- [restartedMain] o.s.i.a.i.AmqpInboundChannelAdapter      : started inbound.springCloudBus.anonymous.gDOM4EqGScuA1adlPbP3AA
2019-12-02 20:42:51.248  INFO [organization,,,] 10435 --- [restartedMain] d.s.w.p.DocumentationPluginsBootstrapper : Context refreshed
2019-12-02 20:42:51.275  INFO [organization,,,] 10435 --- [restartedMain] d.s.w.p.DocumentationPluginsBootstrapper : Found 1 custom documentation plugin(s)
2019-12-02 20:42:51.325  INFO [organization,,,] 10435 --- [restartedMain] s.d.s.w.s.ApiListingReferenceScanner     : Scanning for api listing references
2019-12-02 20:42:51.496  INFO [organization,,,] 10435 --- [restartedMain] .d.s.w.r.o.CachingOperationNameGenerator : Generating unique operation named: addUsingPOST_1
2019-12-02 20:42:51.498  INFO [organization,,,] 10435 --- [restartedMain] .d.s.w.r.o.CachingOperationNameGenerator : Generating unique operation named: deleteUsingDELETE_1
2019-12-02 20:42:51.501  INFO [organization,,,] 10435 --- [restartedMain] .d.s.w.r.o.CachingOperationNameGenerator : Generating unique operation named: getUsingGET_1
2019-12-02 20:42:51.503  INFO [organization,,,] 10435 --- [restartedMain] .d.s.w.r.o.CachingOperationNameGenerator : Generating unique operation named: queryUsingGET_1
2019-12-02 20:42:51.520  INFO [organization,,,] 10435 --- [restartedMain] .d.s.w.r.o.CachingOperationNameGenerator : Generating unique operation named: searchUsingPOST_1
2019-12-02 20:42:51.523  INFO [organization,,,] 10435 --- [restartedMain] .d.s.w.r.o.CachingOperationNameGenerator : Generating unique operation named: searchUsingGET_1
2019-12-02 20:42:51.527  INFO [organization,,,] 10435 --- [restartedMain] .d.s.w.r.o.CachingOperationNameGenerator : Generating unique operation named: updateUsingPUT_1
2019-12-02 20:42:51.534  INFO [organization,,,] 10435 --- [restartedMain] .d.s.w.r.o.CachingOperationNameGenerator : Generating unique operation named: addUsingPOST_2
2019-12-02 20:42:51.537  INFO [organization,,,] 10435 --- [restartedMain] .d.s.w.r.o.CachingOperationNameGenerator : Generating unique operation named: deleteUsingDELETE_2
2019-12-02 20:42:51.539  INFO [organization,,,] 10435 --- [restartedMain] .d.s.w.r.o.CachingOperationNameGenerator : Generating unique operation named: getUsingGET_2
2019-12-02 20:42:51.542  INFO [organization,,,] 10435 --- [restartedMain] .d.s.w.r.o.CachingOperationNameGenerator : Generating unique operation named: queryUsingGET_2
2019-12-02 20:42:51.545  INFO [organization,,,] 10435 --- [restartedMain] .d.s.w.r.o.CachingOperationNameGenerator : Generating unique operation named: updateUsingPUT_2
2019-12-02 20:42:51.556  INFO [organization,,,] 10435 --- [restartedMain] .d.s.w.r.o.CachingOperationNameGenerator : Generating unique operation named: addUsingPOST_3
2019-12-02 20:42:51.559  INFO [organization,,,] 10435 --- [restartedMain] .d.s.w.r.o.CachingOperationNameGenerator : Generating unique operation named: deleteUsingDELETE_3
2019-12-02 20:42:51.561  INFO [organization,,,] 10435 --- [restartedMain] .d.s.w.r.o.CachingOperationNameGenerator : Generating unique operation named: getUsingGET_3
2019-12-02 20:42:51.579  INFO [organization,,,] 10435 --- [restartedMain] .d.s.w.r.o.CachingOperationNameGenerator : Generating unique operation named: updateUsingPUT_3
2019-12-02 20:42:51.586  INFO [organization,,,] 10435 --- [restartedMain] .d.s.w.r.o.CachingOperationNameGenerator : Generating unique operation named: addUsingPOST_4
2019-12-02 20:42:51.588  INFO [organization,,,] 10435 --- [restartedMain] .d.s.w.r.o.CachingOperationNameGenerator : Generating unique operation named: deleteUsingDELETE_4
2019-12-02 20:42:51.590  INFO [organization,,,] 10435 --- [restartedMain] .d.s.w.r.o.CachingOperationNameGenerator : Generating unique operation named: getUsingGET_4
2019-12-02 20:42:51.592  INFO [organization,,,] 10435 --- [restartedMain] .d.s.w.r.o.CachingOperationNameGenerator : Generating unique operation named: getUsingGET_5
2019-12-02 20:42:51.602  INFO [organization,,,] 10435 --- [restartedMain] .d.s.w.r.o.CachingOperationNameGenerator : Generating unique operation named: queryUsingPOST_1
2019-12-02 20:42:51.604  INFO [organization,,,] 10435 --- [restartedMain] .d.s.w.r.o.CachingOperationNameGenerator : Generating unique operation named: queryUsingGET_3
2019-12-02 20:42:51.609  INFO [organization,,,] 10435 --- [restartedMain] .d.s.w.r.o.CachingOperationNameGenerator : Generating unique operation named: updateUsingPUT_4
2019-12-02 20:42:51.620  INFO [organization,,,] 10435 --- [restartedMain] .d.s.w.r.o.CachingOperationNameGenerator : Generating unique operation named: addUsingPOST_5
2019-12-02 20:42:51.622  INFO [organization,,,] 10435 --- [restartedMain] .d.s.w.r.o.CachingOperationNameGenerator : Generating unique operation named: deleteUsingDELETE_5
2019-12-02 20:42:51.623  INFO [organization,,,] 10435 --- [restartedMain] .d.s.w.r.o.CachingOperationNameGenerator : Generating unique operation named: getUsingGET_6
2019-12-02 20:42:51.625  INFO [organization,,,] 10435 --- [restartedMain] .d.s.w.r.o.CachingOperationNameGenerator : Generating unique operation named: queryUsingGET_4
2019-12-02 20:42:51.635  INFO [organization,,,] 10435 --- [restartedMain] .d.s.w.r.o.CachingOperationNameGenerator : Generating unique operation named: searchUsingPOST_2
2019-12-02 20:42:51.642  INFO [organization,,,] 10435 --- [restartedMain] .d.s.w.r.o.CachingOperationNameGenerator : Generating unique operation named: updateUsingPUT_5
2019-12-02 20:42:51.745  INFO [organization,,,] 10435 --- [restartedMain] o.s.b.w.embedded.tomcat.TomcatWebServer  : Tomcat started on port(s): 8010 (http) with context path ''
2019-12-02 20:42:51.751  INFO [organization,,,] 10435 --- [restartedMain] com.alibaba.nacos.client.naming          : [BEAT] adding beat: {"cluster":"DEFAULT","ip":"192.168.31.177","metadata":{"preserved.register.source":"SPRING_CLOUD"},"period":5000,"port":8010,"scheduled":false,"serviceName":"DEFAULT_GROUP@@organization","stopped":false,"weight":1.0} to beat map.
2019-12-02 20:42:51.857  INFO [organization,,,] 10435 --- [restartedMain] com.alibaba.nacos.client.naming          : [REGISTER-SERVICE] public registering service DEFAULT_GROUP@@organization with instance: {"clusterName":"DEFAULT","enabled":true,"ephemeral":true,"healthy":true,"instanceHeartBeatInterval":5000,"instanceHeartBeatTimeOut":15000,"ip":"192.168.31.177","ipDeleteTimeout":30000,"metadata":{"preserved.register.source":"SPRING_CLOUD"},"port":8010,"weight":1.0}
2019-12-02 20:42:51.921  INFO [organization,,,] 10435 --- [restartedMain] c.a.c.n.registry.NacosServiceRegistry    : nacos registry, organization 192.168.31.177:8010 register finished
2019-12-02 20:42:51.927  INFO [organization,,,] 10435 --- [restartedMain] c.s.c.s.o.OrganizationApplication        : Started OrganizationApplication in 17.599 seconds (JVM running for 18.279)
