2019-12-11 17:30:29,466 INFO notifyConnectTimeout:200

2019-12-11 17:30:29,542 INFO notifySocketTimeout:8000

2019-12-11 17:30:29,548 INFO isHealthCheck:true

2019-12-11 17:30:29,558 INFO maxHealthCheckFailCount:12

2019-12-11 17:30:29,590 INFO maxContent:10485760

2019-12-11 17:30:29,664 INFO spring.datasource.platform:""

2019-12-11 17:30:39,694 INFO ServerListService address-server port:8848

2019-12-11 17:30:39,699 INFO ADDRESS_SERVER_URL:http://jmenv.tbsite.net:8080/nacos/serverlist

2019-12-11 17:30:39,706 WARN [serverlist] updated to [31af36e7cb6e]

2019-12-11 17:30:40,092 WARN DumpService start

2019-12-11 17:30:40,111 INFO start clear all config-info.

2019-12-11 17:30:40,128 WARN clear all config-info failed.

2019-12-11 17:30:40,131 WARN clear all config-info-tenant failed.

2019-12-11 17:30:40,439 INFO start clear all config-info-beta.

2019-12-11 17:30:40,440 WARN clear all config-info-beta failed.

2019-12-11 17:30:40,442 WARN clear all config-info-beta-tenant failed.

2019-12-11 17:30:40,475 INFO start clear all config-info-tag.

2019-12-11 17:30:40,477 WARN clear all config-info-tag failed.

2019-12-11 17:30:40,478 WARN clear all config-info-tag-tenant failed.

2019-12-18 20:33:46,159 INFO notifyConnectTimeout:200

2019-12-18 20:33:46,180 INFO notifySocketTimeout:8000

2019-12-18 20:33:46,180 INFO isHealthCheck:true

2019-12-18 20:33:46,180 INFO maxHealthCheckFailCount:12

2019-12-18 20:33:46,180 INFO maxContent:10485760

2019-12-18 20:33:46,181 INFO spring.datasource.platform:""

2019-12-18 20:33:56,603 INFO ServerListService address-server port:8848

2019-12-18 20:33:56,603 INFO ADDRESS_SERVER_URL:http://jmenv.tbsite.net:8080/nacos/serverlist

2019-12-18 20:33:56,611 WARN [serverlist] updated to [51770e3a1052]

2019-12-18 20:33:56,700 WARN DumpService start

2019-12-18 20:33:56,703 INFO start clear all config-info.

2019-12-18 20:33:56,707 WARN clear all config-info failed.

2019-12-18 20:33:56,707 WARN clear all config-info-tenant failed.

2019-12-18 20:33:56,775 INFO start clear all config-info-beta.

2019-12-18 20:33:56,775 WARN clear all config-info-beta failed.

2019-12-18 20:33:56,775 WARN clear all config-info-beta-tenant failed.

2019-12-18 20:33:56,785 INFO start clear all config-info-tag.

2019-12-18 20:33:56,785 WARN clear all config-info-tag failed.

2019-12-18 20:33:56,786 WARN clear all config-info-tag-tenant failed.

