2019-12-18 22:52:34,626 INFO Starting Nacos v1.1.3 on 9a235b2d7674 with PID 31 (/home/nacos/target/nacos-server.jar started by root in /home/nacos)

2019-12-18 22:52:34,695 INFO The following profiles are active: standalone

2019-12-18 22:52:45,730 INFO Bean 'org.springframework.security.config.annotation.configuration.ObjectPostProcessorConfiguration' of type [org.springframework.security.config.annotation.configuration.ObjectPostProcessorConfiguration$$EnhancerBySpringCGLIB$$459003bf] is not eligible for getting processed by all BeanPostProcessors (for example: not eligible for auto-proxying)

2019-12-18 22:52:45,981 INFO Bean 'objectPostProcessor' of type [org.springframework.security.config.annotation.configuration.AutowireBeanFactoryObjectPostProcessor] is not eligible for getting processed by all BeanPostProcessors (for example: not eligible for auto-proxying)

2019-12-18 22:52:45,985 INFO Bean 'org.springframework.security.access.expression.method.DefaultMethodSecurityExpressionHandler@11392934' of type [org.springframework.security.access.expression.method.DefaultMethodSecurityExpressionHandler] is not eligible for getting processed by all BeanPostProcessors (for example: not eligible for auto-proxying)

2019-12-18 22:52:45,988 INFO Bean 'org.springframework.security.config.annotation.method.configuration.GlobalMethodSecurityConfiguration' of type [org.springframework.security.config.annotation.method.configuration.GlobalMethodSecurityConfiguration$$EnhancerBySpringCGLIB$$6a64a671] is not eligible for getting processed by all BeanPostProcessors (for example: not eligible for auto-proxying)

2019-12-18 22:52:45,994 INFO Bean 'methodSecurityMetadataSource' of type [org.springframework.security.access.method.DelegatingMethodSecurityMetadataSource] is not eligible for getting processed by all BeanPostProcessors (for example: not eligible for auto-proxying)

2019-12-18 22:52:52,079 INFO Tomcat initialized with port(s): 8848 (http)

2019-12-18 22:52:52,166 INFO Starting service [Tomcat]

2019-12-18 22:52:52,167 INFO Starting Servlet Engine: Apache Tomcat/9.0.13

2019-12-18 22:52:52,290 INFO The APR based Apache Tomcat Native library which allows optimal performance in production environments was not found on the java.library.path: [/usr/java/packages/lib/amd64:/usr/lib64:/lib64:/lib:/usr/lib]

2019-12-18 22:52:53,519 INFO Initializing Spring embedded WebApplicationContext

2019-12-18 22:52:53,519 INFO Root WebApplicationContext: initialization completed in 18083 ms

2019-12-18 22:53:24,728 INFO Use Mysql as the driver

2019-12-18 22:53:25,105 INFO Initializing ExecutorService 'applicationTaskExecutor'

2019-12-18 22:53:25,452 INFO Adding welcome page: class path resource [static/index.html]

2019-12-18 22:53:26,172 INFO Creating filter chain: Ant [pattern='/'], []

2019-12-18 22:53:26,172 INFO Creating filter chain: Ant [pattern='/**/*.css'], []

2019-12-18 22:53:26,172 INFO Creating filter chain: Ant [pattern='/**/*.js'], []

2019-12-18 22:53:26,172 INFO Creating filter chain: Ant [pattern='/**/*.html'], []

2019-12-18 22:53:26,173 INFO Creating filter chain: Ant [pattern='/**/*.map'], []

2019-12-18 22:53:26,173 INFO Creating filter chain: Ant [pattern='/**/*.svg'], []

2019-12-18 22:53:26,173 INFO Creating filter chain: Ant [pattern='/**/*.png'], []

2019-12-18 22:53:26,173 INFO Creating filter chain: Ant [pattern='/**/*.ico'], []

2019-12-18 22:53:26,173 INFO Creating filter chain: Ant [pattern='/console-fe/public/**'], []

2019-12-18 22:53:26,173 INFO Creating filter chain: Ant [pattern='/v1/auth/login'], []

2019-12-18 22:53:26,173 INFO Creating filter chain: Ant [pattern='/v1/console/health/**'], []

2019-12-18 22:53:26,173 INFO Creating filter chain: Ant [pattern='/v1/cs/**'], []

2019-12-18 22:53:26,173 INFO Creating filter chain: Ant [pattern='/v1/ns/**'], []

2019-12-18 22:53:26,173 INFO Creating filter chain: Ant [pattern='/v1/cmdb/**'], []

2019-12-18 22:53:26,173 INFO Creating filter chain: Ant [pattern='/actuator/**'], []

2019-12-18 22:53:26,173 INFO Creating filter chain: Ant [pattern='/v1/console/server/**'], []

2019-12-18 22:53:26,198 INFO Creating filter chain: any request, [org.springframework.security.web.context.request.async.WebAsyncManagerIntegrationFilter@376a312c, org.springframework.security.web.context.SecurityContextPersistenceFilter@2756c0a7, org.springframework.security.web.header.HeaderWriterFilter@6b54655f, org.springframework.security.web.authentication.logout.LogoutFilter@6c8bca63, com.alibaba.nacos.console.filter.JwtAuthenticationTokenFilter@28d6290, org.springframework.security.web.savedrequest.RequestCacheAwareFilter@69637b10, org.springframework.security.web.servletapi.SecurityContextHolderAwareRequestFilter@5536379e, org.springframework.security.web.authentication.AnonymousAuthenticationFilter@6ca0256d, org.springframework.security.web.session.SessionManagementFilter@7d3430a7, org.springframework.security.web.access.ExceptionTranslationFilter@5b080f3a, org.springframework.security.web.access.intercept.FilterSecurityInterceptor@58e6d4b8]

2019-12-18 22:53:26,226 INFO Exposing 2 endpoint(s) beneath base path '/actuator'

2019-12-18 22:53:26,251 INFO Initializing ExecutorService 'taskScheduler'

2019-12-18 22:53:27,545 INFO Tomcat started on port(s): 8848 (http) with context path '/nacos'

2019-12-18 22:53:27,551 INFO Started Nacos in 64.748 seconds (JVM running for 72.466)

2019-12-18 22:53:27,551 INFO Nacos Log files: /home/nacos/logs/

2019-12-18 22:53:27,551 INFO Nacos Conf files: /home/nacos/conf/

2019-12-18 22:53:27,551 INFO Nacos Data files: /home/nacos/data/

2019-12-18 22:53:27,552 INFO Nacos started successfully in stand alone mode.

2019-12-18 22:53:29,495 INFO Initializing Spring DispatcherServlet 'dispatcherServlet'

2019-12-18 22:53:29,496 INFO Initializing Servlet 'dispatcherServlet'

2019-12-18 22:53:29,505 INFO Completed initialization in 9 ms

2019-12-18 22:53:41,282 INFO Expired JWT token.

2019-12-18 22:53:41,297 ERROR Responding with unauthorized error. Message - Full authentication is required to access this resource

2019-12-18 22:53:48,392 ERROR Responding with unauthorized error. Message - Full authentication is required to access this resource

2019-12-18 22:56:10,679 ERROR Responding with unauthorized error. Message - Full authentication is required to access this resource

2019-12-18 22:56:18,658 ERROR Responding with unauthorized error. Message - Full authentication is required to access this resource

2019-12-18 23:03:24,444 INFO [capacityManagement] start correct usage

2019-12-18 23:03:24,482 INFO [capacityManagement] end correct usage, cost: 0s

2019-12-18 23:03:24,719 WARN clearConfigHistory start

