2019-12-11 17:30:24,743 INFO listen for service meta change

2019-12-11 17:30:48,315 INFO [SERVER-INIT] got port: 8848

2019-12-11 17:30:48,315 INFO [SERVER-INIT] got path: /nacos

2019-12-11 17:30:59,229 INFO receive config info: unknown#31af36e7cb6e:8848#1576056659229#2


2019-12-11 17:31:14,231 INFO [NACOS-DISTRO] healthy server list changed, disable health check for 60000 ms from now on, old: [], new: [{"adWeight":0,"alive":true,"ip":"31af36e7cb6e","key":"31af36e7cb6e:8848","lastRefTime":1576056659229,"lastRefTimeStr":"2019-12-11 17:30:59","servePort":8848,"site":"unknown","weight":2}]

2019-12-11 17:31:14,233 INFO receive config info: unknown#31af36e7cb6e:8848#1576056674233#2


2019-12-11 17:31:29,200 INFO receive config info: unknown#31af36e7cb6e:8848#1576056689200#2


2019-12-11 17:31:44,201 INFO receive config info: unknown#31af36e7cb6e:8848#1576056704201#2


2019-12-11 17:31:59,168 INFO receive config info: unknown#31af36e7cb6e:8848#1576056719168#2


2019-12-11 17:32:14,170 INFO receive config info: unknown#31af36e7cb6e:8848#1576056734170#2


2019-12-11 17:32:29,138 INFO [NACOS-DISTRO] distro threshold restored and stable now, enable health check. current ratio: 1.0

2019-12-11 17:32:29,139 INFO receive config info: unknown#31af36e7cb6e:8848#1576056749139#2


2019-12-11 17:32:44,140 INFO receive config info: unknown#31af36e7cb6e:8848#1576056764140#2


2019-12-11 17:32:59,107 INFO receive config info: unknown#31af36e7cb6e:8848#1576056779107#2


2019-12-11 17:33:14,110 INFO receive config info: unknown#31af36e7cb6e:8848#1576056794109#2


2019-12-11 17:33:29,075 INFO receive config info: unknown#31af36e7cb6e:8848#1576056809075#2


2019-12-11 17:33:44,082 INFO receive config info: unknown#31af36e7cb6e:8848#1576056824081#2


2019-12-11 17:33:59,079 INFO receive config info: unknown#31af36e7cb6e:8848#1576056839079#2


2019-12-11 17:34:14,084 INFO receive config info: unknown#31af36e7cb6e:8848#1576056854084#2


2019-12-11 17:34:29,050 INFO receive config info: unknown#31af36e7cb6e:8848#1576056869050#2


2019-12-11 17:34:44,051 INFO receive config info: unknown#31af36e7cb6e:8848#1576056884051#2


2019-12-11 17:34:59,017 INFO receive config info: unknown#31af36e7cb6e:8848#1576056899017#2


2019-12-11 17:35:14,020 INFO receive config info: unknown#31af36e7cb6e:8848#1576056914020#2


2019-12-11 17:35:29,018 INFO receive config info: unknown#31af36e7cb6e:8848#1576056929011#2


2019-12-11 17:35:44,425 INFO receive config info: unknown#31af36e7cb6e:8848#1576056944424#2


2019-12-11 17:35:59,416 INFO receive config info: unknown#31af36e7cb6e:8848#1576056959415#2


2019-12-11 17:36:14,419 INFO receive config info: unknown#31af36e7cb6e:8848#1576056974419#2


2019-12-11 17:36:29,410 INFO receive config info: unknown#31af36e7cb6e:8848#1576056989409#2


2019-12-11 17:36:44,446 INFO receive config info: unknown#31af36e7cb6e:8848#1576057004446#2


2019-12-11 17:36:59,412 INFO receive config info: unknown#31af36e7cb6e:8848#1576057019412#2


2019-12-11 17:37:14,414 INFO receive config info: unknown#31af36e7cb6e:8848#1576057034414#2


2019-12-11 17:37:29,427 INFO receive config info: unknown#31af36e7cb6e:8848#1576057049404#2


2019-12-11 17:37:44,428 INFO receive config info: unknown#31af36e7cb6e:8848#1576057064428#2


2019-12-11 17:37:59,396 INFO receive config info: unknown#31af36e7cb6e:8848#1576057079396#2


2019-12-11 17:38:14,398 INFO receive config info: unknown#31af36e7cb6e:8848#1576057094398#2


2019-12-11 17:38:29,364 INFO receive config info: unknown#31af36e7cb6e:8848#1576057109364#2


2019-12-11 17:38:44,368 INFO receive config info: unknown#31af36e7cb6e:8848#1576057124368#2


2019-12-11 17:38:59,337 INFO receive config info: unknown#31af36e7cb6e:8848#1576057139336#2


2019-12-11 17:39:16,052 INFO receive config info: unknown#31af36e7cb6e:8848#1576057156038#2


2019-12-11 17:39:35,099 INFO receive config info: unknown#31af36e7cb6e:8848#1576057175090#2


2019-12-11 17:39:55,777 INFO receive config info: unknown#31af36e7cb6e:8848#1576057195486#2


2019-12-11 17:40:26,828 INFO receive config info: unknown#31af36e7cb6e:8848#1576057226478#2


2019-12-11 17:40:38,345 WARN server beat out of date, current: {"adWeight":0,"alive":false,"ip":"31af36e7cb6e","key":"31af36e7cb6e:8848","lastRefTime":1576057226478,"lastRefTimeStr":"2019-12-11 17:40:26","servePort":8848,"site":"unknown","weight":2}, last: {"adWeight":0,"alive":true,"ip":"31af36e7cb6e","key":"31af36e7cb6e:8848","lastRefTime":1576057195486,"lastRefTimeStr":"2019-12-11 17:39:55","servePort":8848,"site":"unknown","weight":2}

2019-12-11 17:40:59,244 INFO receive config info: unknown#31af36e7cb6e:8848#1576057257727#2


2019-12-11 17:41:09,275 WARN server beat out of date, current: {"adWeight":0,"alive":false,"ip":"31af36e7cb6e","key":"31af36e7cb6e:8848","lastRefTime":1576057257727,"lastRefTimeStr":"2019-12-11 17:40:57","servePort":8848,"site":"unknown","weight":2}, last: {"adWeight":0,"alive":true,"ip":"31af36e7cb6e","key":"31af36e7cb6e:8848","lastRefTime":1576057226478,"lastRefTimeStr":"2019-12-11 17:40:26","servePort":8848,"site":"unknown","weight":2}

2019-12-11 17:41:50,066 INFO receive config info: unknown#31af36e7cb6e:8848#1576057309716#2


2019-12-11 17:42:05,511 WARN server beat out of date, current: {"adWeight":0,"alive":false,"ip":"31af36e7cb6e","key":"31af36e7cb6e:8848","lastRefTime":1576057309716,"lastRefTimeStr":"2019-12-11 17:41:49","servePort":8848,"site":"unknown","weight":2}, last: {"adWeight":0,"alive":true,"ip":"31af36e7cb6e","key":"31af36e7cb6e:8848","lastRefTime":1576057257727,"lastRefTimeStr":"2019-12-11 17:40:57","servePort":8848,"site":"unknown","weight":2}

2019-12-11 17:42:27,819 INFO [NACOS-DISTRO] healthy server list changed, disable health check for 60000 ms from now on, old: [{"adWeight":0,"alive":true,"ip":"31af36e7cb6e","key":"31af36e7cb6e:8848","lastRefTime":1576056659229,"lastRefTimeStr":"2019-12-11 17:30:59","servePort":8848,"site":"unknown","weight":2}], new: []

2019-12-11 17:42:48,771 INFO receive config info: unknown#31af36e7cb6e:8848#1576057368764#2


2019-12-11 17:43:03,793 INFO receive config info: unknown#31af36e7cb6e:8848#1576057383793#2


2019-12-11 17:43:18,829 INFO receive config info: unknown#31af36e7cb6e:8848#1576057398812#2


2019-12-11 17:43:33,809 INFO [NACOS-DISTRO] distro threshold restored and stable now, enable health check. current ratio: 1.0

2019-12-11 17:43:33,858 INFO receive config info: unknown#31af36e7cb6e:8848#1576057413858#2


2019-12-11 17:43:48,992 INFO receive config info: unknown#31af36e7cb6e:8848#1576057428991#2


2019-12-11 17:44:04,044 INFO receive config info: unknown#31af36e7cb6e:8848#1576057444041#2


2019-12-11 17:44:27,816 INFO receive config info: unknown#31af36e7cb6e:8848#1576057467476#2


2019-12-11 17:44:57,623 INFO receive config info: unknown#31af36e7cb6e:8848#1576057497388#2


2019-12-11 17:45:19,535 INFO receive config info: unknown#31af36e7cb6e:8848#1576057519534#2


2019-12-11 17:45:34,527 INFO receive config info: unknown#31af36e7cb6e:8848#1576057534527#2


2019-12-11 17:45:49,905 INFO receive config info: unknown#31af36e7cb6e:8848#1576057549554#2


2019-12-11 17:46:04,991 INFO receive config info: unknown#31af36e7cb6e:8848#1576057564987#2


2019-12-11 17:46:20,043 INFO receive config info: unknown#31af36e7cb6e:8848#1576057580043#2


2019-12-11 17:46:35,054 INFO receive config info: unknown#31af36e7cb6e:8848#1576057595050#2


2019-12-11 17:46:50,106 INFO receive config info: unknown#31af36e7cb6e:8848#1576057610105#2


2019-12-11 17:47:05,085 INFO receive config info: unknown#31af36e7cb6e:8848#1576057625083#2


2019-12-11 17:47:20,104 INFO receive config info: unknown#31af36e7cb6e:8848#1576057640101#2


2019-12-11 17:47:35,090 INFO receive config info: unknown#31af36e7cb6e:8848#1576057655086#2


2019-12-11 17:47:50,454 INFO receive config info: unknown#31af36e7cb6e:8848#1576057670449#2


2019-12-11 17:48:05,917 INFO receive config info: unknown#31af36e7cb6e:8848#1576057685917#2


2019-12-11 17:48:21,050 INFO receive config info: unknown#31af36e7cb6e:8848#1576057701049#2


2019-12-11 17:48:36,049 INFO receive config info: unknown#31af36e7cb6e:8848#1576057716032#2


2019-12-11 17:48:51,346 INFO receive config info: unknown#31af36e7cb6e:8848#1576057731344#2


2019-12-11 17:49:06,353 INFO receive config info: unknown#31af36e7cb6e:8848#1576057746353#2


2019-12-11 17:49:21,402 INFO receive config info: unknown#31af36e7cb6e:8848#1576057761400#2


2019-12-11 17:49:36,387 INFO receive config info: unknown#31af36e7cb6e:8848#1576057776387#2


2019-12-11 17:49:51,473 INFO receive config info: unknown#31af36e7cb6e:8848#1576057791473#2


2019-12-11 17:50:07,418 INFO receive config info: unknown#31af36e7cb6e:8848#1576057807409#2


2019-12-11 17:50:22,507 INFO receive config info: unknown#31af36e7cb6e:8848#1576057822505#2


2019-12-11 17:50:37,491 INFO receive config info: unknown#31af36e7cb6e:8848#1576057837490#2


2019-12-11 17:50:52,509 INFO receive config info: unknown#31af36e7cb6e:8848#1576057852509#2


2019-12-11 17:51:07,490 INFO receive config info: unknown#31af36e7cb6e:8848#1576057867489#2


2019-12-11 17:51:22,499 INFO receive config info: unknown#31af36e7cb6e:8848#1576057882499#2


2019-12-11 17:51:37,474 INFO receive config info: unknown#31af36e7cb6e:8848#1576057897474#2


2019-12-11 17:51:52,490 INFO receive config info: unknown#31af36e7cb6e:8848#1576057912489#2


2019-12-11 17:52:07,536 INFO receive config info: unknown#31af36e7cb6e:8848#1576057927536#2


2019-12-11 17:52:22,710 INFO receive config info: unknown#31af36e7cb6e:8848#1576057942709#2


2019-12-11 17:52:37,692 INFO receive config info: unknown#31af36e7cb6e:8848#1576057957691#2


2019-12-11 17:52:52,711 INFO receive config info: unknown#31af36e7cb6e:8848#1576057972711#2


2019-12-11 17:53:07,832 INFO receive config info: unknown#31af36e7cb6e:8848#1576057987832#2


2019-12-11 17:53:22,887 INFO receive config info: unknown#31af36e7cb6e:8848#1576058002887#2


2019-12-11 17:53:37,888 INFO receive config info: unknown#31af36e7cb6e:8848#1576058017888#2


2019-12-11 17:53:52,898 INFO receive config info: unknown#31af36e7cb6e:8848#1576058032898#2


2019-12-11 17:54:07,874 INFO receive config info: unknown#31af36e7cb6e:8848#1576058047873#2


2019-12-11 17:54:22,883 INFO receive config info: unknown#31af36e7cb6e:8848#1576058062883#2


2019-12-11 17:54:37,872 INFO receive config info: unknown#31af36e7cb6e:8848#1576058077871#2


2019-12-11 17:54:52,883 INFO receive config info: unknown#31af36e7cb6e:8848#1576058092883#2


2019-12-11 17:55:07,858 INFO receive config info: unknown#31af36e7cb6e:8848#1576058107857#2


2019-12-11 17:55:22,879 INFO receive config info: unknown#31af36e7cb6e:8848#1576058122876#2


2019-12-11 17:55:37,863 INFO receive config info: unknown#31af36e7cb6e:8848#1576058137859#2


2019-12-11 17:55:52,899 INFO receive config info: unknown#31af36e7cb6e:8848#1576058152898#2


2019-12-11 17:56:07,881 INFO receive config info: unknown#31af36e7cb6e:8848#1576058167881#2


2019-12-11 17:56:22,899 INFO receive config info: unknown#31af36e7cb6e:8848#1576058182898#2


2019-12-11 17:56:37,891 INFO receive config info: unknown#31af36e7cb6e:8848#1576058197890#2


2019-12-11 17:56:52,952 INFO receive config info: unknown#31af36e7cb6e:8848#1576058212933#2


2019-12-11 17:57:07,963 INFO receive config info: unknown#31af36e7cb6e:8848#1576058227958#2


2019-12-11 17:57:23,003 INFO receive config info: unknown#31af36e7cb6e:8848#1576058243001#2


2019-12-11 17:57:37,998 INFO receive config info: unknown#31af36e7cb6e:8848#1576058257996#2


2019-12-11 17:57:53,025 INFO receive config info: unknown#31af36e7cb6e:8848#1576058273025#2


2019-12-11 17:58:08,001 INFO receive config info: unknown#31af36e7cb6e:8848#1576058288000#2


2019-12-11 17:58:23,035 INFO receive config info: unknown#31af36e7cb6e:8848#1576058303035#2


2019-12-11 17:58:38,022 INFO receive config info: unknown#31af36e7cb6e:8848#1576058318022#2


2019-12-11 17:58:53,031 INFO receive config info: unknown#31af36e7cb6e:8848#1576058333031#2


2019-12-11 17:59:08,001 INFO receive config info: unknown#31af36e7cb6e:8848#1576058348001#2


2019-12-11 17:59:23,005 INFO receive config info: unknown#31af36e7cb6e:8848#1576058363005#2


2019-12-11 17:59:37,975 INFO receive config info: unknown#31af36e7cb6e:8848#1576058377975#2


2019-12-11 17:59:52,982 INFO receive config info: unknown#31af36e7cb6e:8848#1576058392982#2


2019-12-11 18:00:07,956 INFO receive config info: unknown#31af36e7cb6e:8848#1576058407956#2


2019-12-11 18:00:22,966 INFO receive config info: unknown#31af36e7cb6e:8848#1576058422966#2


2019-12-11 18:00:37,937 INFO receive config info: unknown#31af36e7cb6e:8848#1576058437937#2


2019-12-11 18:00:52,962 INFO receive config info: unknown#31af36e7cb6e:8848#1576058452962#2


2019-12-11 18:01:07,966 INFO receive config info: unknown#31af36e7cb6e:8848#1576058467966#2


2019-12-11 18:01:22,974 INFO receive config info: unknown#31af36e7cb6e:8848#1576058482974#2


2019-12-11 18:01:37,969 INFO receive config info: unknown#31af36e7cb6e:8848#1576058497968#2


2019-12-11 18:01:53,016 INFO receive config info: unknown#31af36e7cb6e:8848#1576058513015#2


2019-12-11 18:02:08,011 INFO receive config info: unknown#31af36e7cb6e:8848#1576058528011#2


2019-12-11 18:02:23,027 INFO receive config info: unknown#31af36e7cb6e:8848#1576058543027#2


2019-12-11 18:02:38,008 INFO receive config info: unknown#31af36e7cb6e:8848#1576058558006#2


2019-12-11 18:02:53,032 INFO receive config info: unknown#31af36e7cb6e:8848#1576058573032#2


2019-12-11 18:03:08,020 INFO receive config info: unknown#31af36e7cb6e:8848#1576058588020#2


2019-12-11 18:03:23,043 INFO receive config info: unknown#31af36e7cb6e:8848#1576058603043#2


2019-12-11 18:03:38,060 INFO receive config info: unknown#31af36e7cb6e:8848#1576058618060#2


2019-12-11 18:03:53,079 INFO receive config info: unknown#31af36e7cb6e:8848#1576058633078#2


2019-12-11 18:04:08,072 INFO receive config info: unknown#31af36e7cb6e:8848#1576058648071#2


2019-12-11 18:04:23,097 INFO receive config info: unknown#31af36e7cb6e:8848#1576058663096#2


2019-12-11 18:04:38,075 INFO receive config info: unknown#31af36e7cb6e:8848#1576058678074#2


2019-12-11 18:04:53,102 INFO receive config info: unknown#31af36e7cb6e:8848#1576058693102#2


2019-12-11 18:05:08,086 INFO receive config info: unknown#31af36e7cb6e:8848#1576058708086#2


2019-12-11 18:05:23,132 INFO receive config info: unknown#31af36e7cb6e:8848#1576058723132#2


2019-12-11 18:05:38,133 INFO receive config info: unknown#31af36e7cb6e:8848#1576058738133#2


2019-12-11 18:05:53,142 INFO receive config info: unknown#31af36e7cb6e:8848#1576058753142#2


2019-12-11 18:06:08,109 INFO receive config info: unknown#31af36e7cb6e:8848#1576058768108#2


2019-12-11 18:06:23,119 INFO receive config info: unknown#31af36e7cb6e:8848#1576058783119#2


2019-12-11 18:06:38,110 INFO receive config info: unknown#31af36e7cb6e:8848#1576058798110#2


2019-12-11 18:06:53,117 INFO receive config info: unknown#31af36e7cb6e:8848#1576058813117#2


2019-12-11 18:07:08,086 INFO receive config info: unknown#31af36e7cb6e:8848#1576058828086#2


2019-12-11 18:07:23,091 INFO receive config info: unknown#31af36e7cb6e:8848#1576058843091#2


2019-12-11 18:07:38,063 INFO receive config info: unknown#31af36e7cb6e:8848#1576058858063#2


2019-12-11 18:07:53,076 INFO receive config info: unknown#31af36e7cb6e:8848#1576058873076#2


2019-12-11 18:08:08,054 INFO receive config info: unknown#31af36e7cb6e:8848#1576058888053#2


2019-12-11 18:08:23,065 INFO receive config info: unknown#31af36e7cb6e:8848#1576058903065#2


2019-12-11 18:08:38,055 INFO receive config info: unknown#31af36e7cb6e:8848#1576058918055#2


2019-12-11 18:08:53,065 INFO receive config info: unknown#31af36e7cb6e:8848#1576058933065#2


2019-12-11 18:09:08,025 INFO receive config info: unknown#31af36e7cb6e:8848#1576058948025#2


2019-12-11 18:09:23,031 INFO receive config info: unknown#31af36e7cb6e:8848#1576058963031#2


2019-12-11 18:09:38,010 INFO receive config info: unknown#31af36e7cb6e:8848#1576058978010#2


2019-12-11 18:09:53,024 INFO receive config info: unknown#31af36e7cb6e:8848#1576058993024#2


2019-12-11 18:10:08,005 INFO receive config info: unknown#31af36e7cb6e:8848#1576059008005#2


2019-12-11 18:10:23,021 INFO receive config info: unknown#31af36e7cb6e:8848#1576059023021#2


2019-12-11 18:10:38,023 INFO receive config info: unknown#31af36e7cb6e:8848#1576059038023#2


2019-12-11 18:10:53,037 INFO receive config info: unknown#31af36e7cb6e:8848#1576059053037#2


2019-12-11 18:11:08,016 INFO receive config info: unknown#31af36e7cb6e:8848#1576059068016#2


2019-12-11 18:11:23,042 INFO receive config info: unknown#31af36e7cb6e:8848#1576059083042#2


2019-12-11 18:11:38,045 INFO receive config info: unknown#31af36e7cb6e:8848#1576059098045#2


2019-12-11 18:11:53,062 INFO receive config info: unknown#31af36e7cb6e:8848#1576059113062#2


2019-12-11 18:12:08,063 INFO receive config info: unknown#31af36e7cb6e:8848#1576059128061#2


2019-12-11 18:12:23,478 INFO receive config info: unknown#31af36e7cb6e:8848#1576059143478#2


2019-12-11 18:12:38,488 INFO receive config info: unknown#31af36e7cb6e:8848#1576059158488#2


2019-12-11 18:12:53,492 INFO receive config info: unknown#31af36e7cb6e:8848#1576059173491#2


2019-12-11 18:13:08,465 INFO receive config info: unknown#31af36e7cb6e:8848#1576059188465#2


2019-12-11 18:13:23,474 INFO receive config info: unknown#31af36e7cb6e:8848#1576059203474#2


2019-12-11 18:13:38,482 INFO receive config info: unknown#31af36e7cb6e:8848#1576059218482#2


2019-12-11 18:13:53,496 INFO receive config info: unknown#31af36e7cb6e:8848#1576059233496#2


2019-12-11 18:14:08,479 INFO receive config info: unknown#31af36e7cb6e:8848#1576059248479#2


2019-12-11 18:14:23,483 INFO receive config info: unknown#31af36e7cb6e:8848#1576059263483#2


2019-12-11 18:14:38,460 INFO receive config info: unknown#31af36e7cb6e:8848#1576059278460#2


2019-12-11 18:14:53,466 INFO receive config info: unknown#31af36e7cb6e:8848#1576059293466#2


2019-12-11 18:15:08,439 INFO receive config info: unknown#31af36e7cb6e:8848#1576059308439#2


2019-12-11 18:15:23,445 INFO receive config info: unknown#31af36e7cb6e:8848#1576059323445#2


2019-12-11 18:15:38,437 INFO receive config info: unknown#31af36e7cb6e:8848#1576059338437#2


2019-12-11 18:15:53,465 INFO receive config info: unknown#31af36e7cb6e:8848#1576059353465#2


2019-12-11 18:16:08,440 INFO receive config info: unknown#31af36e7cb6e:8848#1576059368440#2


2019-12-11 18:16:23,458 INFO receive config info: unknown#31af36e7cb6e:8848#1576059383458#2


2019-12-11 18:16:38,437 INFO receive config info: unknown#31af36e7cb6e:8848#1576059398436#2


2019-12-11 18:16:53,445 INFO receive config info: unknown#31af36e7cb6e:8848#1576059413445#2


2019-12-11 18:17:08,425 INFO receive config info: unknown#31af36e7cb6e:8848#1576059428425#2


2019-12-11 18:17:23,432 INFO receive config info: unknown#31af36e7cb6e:8848#1576059443432#2


2019-12-11 18:17:38,411 INFO receive config info: unknown#31af36e7cb6e:8848#1576059458411#2


2019-12-11 18:17:53,422 INFO receive config info: unknown#31af36e7cb6e:8848#1576059473422#2


2019-12-11 18:18:08,399 INFO receive config info: unknown#31af36e7cb6e:8848#1576059488399#2


2019-12-11 18:18:23,433 INFO receive config info: unknown#31af36e7cb6e:8848#1576059503433#2


2019-12-11 18:18:38,432 INFO receive config info: unknown#31af36e7cb6e:8848#1576059518432#2


2019-12-11 18:18:53,467 INFO receive config info: unknown#31af36e7cb6e:8848#1576059533467#2


2019-12-11 18:19:08,452 INFO receive config info: unknown#31af36e7cb6e:8848#1576059548452#2


2019-12-11 18:19:23,463 INFO receive config info: unknown#31af36e7cb6e:8848#1576059563463#2


2019-12-11 18:19:38,453 INFO receive config info: unknown#31af36e7cb6e:8848#1576059578452#2


2019-12-11 18:19:53,512 INFO receive config info: unknown#31af36e7cb6e:8848#1576059593511#2


2019-12-11 18:20:08,487 INFO receive config info: unknown#31af36e7cb6e:8848#1576059608487#2


2019-12-11 18:20:23,499 INFO receive config info: unknown#31af36e7cb6e:8848#1576059623499#2


2019-12-11 18:20:38,491 INFO receive config info: unknown#31af36e7cb6e:8848#1576059638491#2


2019-12-11 18:20:53,510 INFO receive config info: unknown#31af36e7cb6e:8848#1576059653510#2


2019-12-11 18:21:08,641 INFO receive config info: unknown#31af36e7cb6e:8848#1576059668641#2


2019-12-11 18:21:23,675 INFO receive config info: unknown#31af36e7cb6e:8848#1576059683675#2


2019-12-11 18:21:38,648 INFO receive config info: unknown#31af36e7cb6e:8848#1576059698648#2


2019-12-11 18:21:53,671 INFO receive config info: unknown#31af36e7cb6e:8848#1576059713671#2


2019-12-11 18:22:08,663 INFO receive config info: unknown#31af36e7cb6e:8848#1576059728663#2


2019-12-11 18:22:23,673 INFO receive config info: unknown#31af36e7cb6e:8848#1576059743673#2


2019-12-11 18:22:38,652 INFO receive config info: unknown#31af36e7cb6e:8848#1576059758652#2


2019-12-11 18:22:53,663 INFO receive config info: unknown#31af36e7cb6e:8848#1576059773663#2


2019-12-11 18:23:08,643 INFO receive config info: unknown#31af36e7cb6e:8848#1576059788643#2


2019-12-11 18:23:23,658 INFO receive config info: unknown#31af36e7cb6e:8848#1576059803658#2


2019-12-11 18:23:38,633 INFO receive config info: unknown#31af36e7cb6e:8848#1576059818633#2


2019-12-11 18:23:53,641 INFO receive config info: unknown#31af36e7cb6e:8848#1576059833641#2


2019-12-11 18:24:08,630 INFO receive config info: unknown#31af36e7cb6e:8848#1576059848630#2


2019-12-11 18:24:23,648 INFO receive config info: unknown#31af36e7cb6e:8848#1576059863648#2


2019-12-11 18:24:38,631 INFO receive config info: unknown#31af36e7cb6e:8848#1576059878631#2


2019-12-11 18:24:53,651 INFO receive config info: unknown#31af36e7cb6e:8848#1576059893651#2


2019-12-11 18:25:08,640 INFO receive config info: unknown#31af36e7cb6e:8848#1576059908639#2


2019-12-11 18:25:23,661 INFO receive config info: unknown#31af36e7cb6e:8848#1576059923661#2


2019-12-11 18:25:38,644 INFO receive config info: unknown#31af36e7cb6e:8848#1576059938644#2


2019-12-11 18:25:53,670 INFO receive config info: unknown#31af36e7cb6e:8848#1576059953670#2


2019-12-11 18:26:08,662 INFO receive config info: unknown#31af36e7cb6e:8848#1576059968662#2


2019-12-11 18:26:23,672 INFO receive config info: unknown#31af36e7cb6e:8848#1576059983672#2


2019-12-11 18:26:38,642 INFO receive config info: unknown#31af36e7cb6e:8848#1576059998642#2


2019-12-11 18:26:53,650 INFO receive config info: unknown#31af36e7cb6e:8848#1576060013650#2


2019-12-11 18:27:08,622 INFO receive config info: unknown#31af36e7cb6e:8848#1576060028622#2


2019-12-11 18:27:23,628 INFO receive config info: unknown#31af36e7cb6e:8848#1576060043628#2


2019-12-11 18:27:38,599 INFO receive config info: unknown#31af36e7cb6e:8848#1576060058599#2


2019-12-11 18:27:53,607 INFO receive config info: unknown#31af36e7cb6e:8848#1576060073607#2


2019-12-11 18:28:08,579 INFO receive config info: unknown#31af36e7cb6e:8848#1576060088578#2


2019-12-11 18:28:23,591 INFO receive config info: unknown#31af36e7cb6e:8848#1576060103591#2


2019-12-11 18:28:38,563 INFO receive config info: unknown#31af36e7cb6e:8848#1576060118563#2


2019-12-11 18:28:53,581 INFO receive config info: unknown#31af36e7cb6e:8848#1576060133581#2


2019-12-11 18:29:08,560 INFO receive config info: unknown#31af36e7cb6e:8848#1576060148560#2


2019-12-11 18:29:23,582 INFO receive config info: unknown#31af36e7cb6e:8848#1576060163580#2


2019-12-11 18:29:38,564 INFO receive config info: unknown#31af36e7cb6e:8848#1576060178564#2


2019-12-11 18:29:53,571 INFO receive config info: unknown#31af36e7cb6e:8848#1576060193571#2


2019-12-11 18:30:08,541 INFO receive config info: unknown#31af36e7cb6e:8848#1576060208541#2


2019-12-18 20:33:45,583 INFO listen for service meta change

2019-12-18 20:33:58,071 INFO [SERVER-INIT] got port: 8848

2019-12-18 20:33:58,071 INFO [SERVER-INIT] got path: /nacos

2019-12-18 20:34:05,341 INFO receive config info: unknown#51770e3a1052:8848#1576672445341#6


2019-12-18 20:34:20,342 INFO [NACOS-DISTRO] healthy server list changed, disable health check for 60000 ms from now on, old: [], new: [{"adWeight":0,"alive":true,"ip":"51770e3a1052","key":"51770e3a1052:8848","lastRefTime":1576672445341,"lastRefTimeStr":"2019-12-18 20:34:05","servePort":8848,"site":"unknown","weight":6}]

2019-12-18 20:34:20,342 INFO receive config info: unknown#51770e3a1052:8848#1576672460342#6


2019-12-18 20:34:35,343 INFO receive config info: unknown#51770e3a1052:8848#1576672475343#6


2019-12-18 20:34:50,344 INFO receive config info: unknown#51770e3a1052:8848#1576672490343#6


2019-12-18 20:35:05,344 INFO receive config info: unknown#51770e3a1052:8848#1576672505344#6


2019-12-18 20:35:20,345 INFO [NACOS-DISTRO] distro threshold restored and stable now, enable health check. current ratio: 1.0

2019-12-18 20:35:20,345 INFO receive config info: unknown#51770e3a1052:8848#1576672520345#6


2019-12-18 20:35:35,346 INFO receive config info: unknown#51770e3a1052:8848#1576672535346#6


2019-12-18 20:35:50,347 INFO receive config info: unknown#51770e3a1052:8848#1576672550347#6


2019-12-18 20:36:05,347 INFO receive config info: unknown#51770e3a1052:8848#1576672565347#6


2019-12-18 20:36:20,348 INFO receive config info: unknown#51770e3a1052:8848#1576672580348#6


2019-12-18 20:36:35,349 INFO receive config info: unknown#51770e3a1052:8848#1576672595349#6


2019-12-18 20:36:50,350 INFO receive config info: unknown#51770e3a1052:8848#1576672610350#6


2019-12-18 20:37:05,350 INFO receive config info: unknown#51770e3a1052:8848#1576672625350#6


2019-12-18 20:37:20,351 INFO receive config info: unknown#51770e3a1052:8848#1576672640351#6


2019-12-18 20:37:35,352 INFO receive config info: unknown#51770e3a1052:8848#1576672655352#6


2019-12-18 20:37:50,352 INFO receive config info: unknown#51770e3a1052:8848#1576672670352#6


2019-12-18 20:38:05,353 INFO receive config info: unknown#51770e3a1052:8848#1576672685353#6


2019-12-18 20:38:20,354 INFO receive config info: unknown#51770e3a1052:8848#1576672700354#6


2019-12-18 20:38:35,354 INFO receive config info: unknown#51770e3a1052:8848#1576672715354#6


2019-12-18 20:38:50,355 INFO receive config info: unknown#51770e3a1052:8848#1576672730355#6


2019-12-18 20:39:05,356 INFO receive config info: unknown#51770e3a1052:8848#1576672745356#6


2019-12-18 20:39:20,356 INFO receive config info: unknown#51770e3a1052:8848#1576672760356#6


2019-12-18 20:39:35,357 INFO receive config info: unknown#51770e3a1052:8848#1576672775357#6


2019-12-18 20:39:50,358 INFO receive config info: unknown#51770e3a1052:8848#1576672790358#6


2019-12-18 20:40:05,358 INFO receive config info: unknown#51770e3a1052:8848#1576672805358#6


2019-12-18 20:40:20,359 INFO receive config info: unknown#51770e3a1052:8848#1576672820359#6


2019-12-18 20:40:35,359 INFO receive config info: unknown#51770e3a1052:8848#1576672835359#6


2019-12-18 20:40:50,360 INFO receive config info: unknown#51770e3a1052:8848#1576672850360#6


2019-12-18 20:41:05,361 INFO receive config info: unknown#51770e3a1052:8848#1576672865361#6


2019-12-18 20:41:20,362 INFO receive config info: unknown#51770e3a1052:8848#1576672880362#6


2019-12-18 20:41:35,362 INFO receive config info: unknown#51770e3a1052:8848#1576672895362#6


2019-12-18 20:41:50,363 INFO receive config info: unknown#51770e3a1052:8848#1576672910363#6


2019-12-18 20:42:05,824 INFO receive config info: unknown#51770e3a1052:8848#1576672925824#6


2019-12-18 20:42:20,824 INFO receive config info: unknown#51770e3a1052:8848#1576672940824#6


2019-12-18 20:42:35,825 INFO receive config info: unknown#51770e3a1052:8848#1576672955825#6


2019-12-18 20:42:50,826 INFO receive config info: unknown#51770e3a1052:8848#1576672970826#6


2019-12-18 20:43:05,826 INFO receive config info: unknown#51770e3a1052:8848#1576672985826#6


2019-12-18 20:43:20,827 INFO receive config info: unknown#51770e3a1052:8848#1576673000827#6


2019-12-18 20:43:35,827 INFO receive config info: unknown#51770e3a1052:8848#1576673015827#6


2019-12-18 20:43:50,828 INFO receive config info: unknown#51770e3a1052:8848#1576673030828#6


2019-12-18 20:44:05,829 INFO receive config info: unknown#51770e3a1052:8848#1576673045829#6


2019-12-18 20:44:20,829 INFO receive config info: unknown#51770e3a1052:8848#1576673060829#6


2019-12-18 20:44:35,830 INFO receive config info: unknown#51770e3a1052:8848#1576673075830#6


2019-12-18 20:44:50,830 INFO receive config info: unknown#51770e3a1052:8848#1576673090830#6


2019-12-18 20:45:05,831 INFO receive config info: unknown#51770e3a1052:8848#1576673105831#6


2019-12-18 20:45:20,832 INFO receive config info: unknown#51770e3a1052:8848#1576673120832#6


2019-12-18 20:45:35,832 INFO receive config info: unknown#51770e3a1052:8848#1576673135832#6


2019-12-18 20:45:50,833 INFO receive config info: unknown#51770e3a1052:8848#1576673150833#6


2019-12-18 20:46:05,833 INFO receive config info: unknown#51770e3a1052:8848#1576673165833#6


2019-12-18 20:46:20,834 INFO receive config info: unknown#51770e3a1052:8848#1576673180834#6


2019-12-18 20:46:35,834 INFO receive config info: unknown#51770e3a1052:8848#1576673195834#6


2019-12-18 20:46:50,835 INFO receive config info: unknown#51770e3a1052:8848#1576673210835#6


2019-12-18 20:47:05,836 INFO receive config info: unknown#51770e3a1052:8848#1576673225836#6


2019-12-18 20:47:20,836 INFO receive config info: unknown#51770e3a1052:8848#1576673240836#6


2019-12-18 20:47:35,837 INFO receive config info: unknown#51770e3a1052:8848#1576673255837#6


2019-12-18 20:47:50,837 INFO receive config info: unknown#51770e3a1052:8848#1576673270837#6


2019-12-18 20:48:05,838 INFO receive config info: unknown#51770e3a1052:8848#1576673285838#6


2019-12-18 20:48:20,839 INFO receive config info: unknown#51770e3a1052:8848#1576673300839#6


2019-12-18 20:48:35,839 INFO receive config info: unknown#51770e3a1052:8848#1576673315839#6


2019-12-18 20:48:50,840 INFO receive config info: unknown#51770e3a1052:8848#1576673330840#6


2019-12-18 20:49:05,840 INFO receive config info: unknown#51770e3a1052:8848#1576673345840#6


2019-12-18 20:49:20,841 INFO receive config info: unknown#51770e3a1052:8848#1576673360841#6


2019-12-18 20:49:35,842 INFO receive config info: unknown#51770e3a1052:8848#1576673375842#6


2019-12-18 20:49:50,842 INFO receive config info: unknown#51770e3a1052:8848#1576673390842#6


2019-12-18 20:50:05,843 INFO receive config info: unknown#51770e3a1052:8848#1576673405843#6


2019-12-18 20:50:20,843 INFO receive config info: unknown#51770e3a1052:8848#1576673420843#6


2019-12-18 20:50:35,844 INFO receive config info: unknown#51770e3a1052:8848#1576673435844#6


2019-12-18 20:50:50,845 INFO receive config info: unknown#51770e3a1052:8848#1576673450845#6


2019-12-18 20:51:05,845 INFO receive config info: unknown#51770e3a1052:8848#1576673465845#6


2019-12-18 20:51:20,846 INFO receive config info: unknown#51770e3a1052:8848#1576673480846#6


2019-12-18 20:51:35,846 INFO receive config info: unknown#51770e3a1052:8848#1576673495846#6


2019-12-18 20:51:50,847 INFO receive config info: unknown#51770e3a1052:8848#1576673510847#6


2019-12-18 20:52:05,848 INFO receive config info: unknown#51770e3a1052:8848#1576673525847#6


2019-12-18 20:52:20,848 INFO receive config info: unknown#51770e3a1052:8848#1576673540848#6


2019-12-18 20:52:35,849 INFO receive config info: unknown#51770e3a1052:8848#1576673555849#6


2019-12-18 20:52:50,849 INFO receive config info: unknown#51770e3a1052:8848#1576673570849#6


2019-12-18 20:53:05,850 INFO receive config info: unknown#51770e3a1052:8848#1576673585850#6


2019-12-18 20:53:20,850 INFO receive config info: unknown#51770e3a1052:8848#1576673600850#6


2019-12-18 20:53:35,851 INFO receive config info: unknown#51770e3a1052:8848#1576673615851#6


2019-12-18 20:53:50,851 INFO receive config info: unknown#51770e3a1052:8848#1576673630851#6


2019-12-18 20:54:05,852 INFO receive config info: unknown#51770e3a1052:8848#1576673645852#6


2019-12-18 20:54:20,853 INFO receive config info: unknown#51770e3a1052:8848#1576673660853#6


2019-12-18 20:54:35,853 INFO receive config info: unknown#51770e3a1052:8848#1576673675853#6


2019-12-18 20:54:50,854 INFO receive config info: unknown#51770e3a1052:8848#1576673690854#6


2019-12-18 20:55:05,854 INFO receive config info: unknown#51770e3a1052:8848#1576673705854#6


2019-12-18 20:55:20,855 INFO receive config info: unknown#51770e3a1052:8848#1576673720855#6


2019-12-18 20:55:35,856 INFO receive config info: unknown#51770e3a1052:8848#1576673735856#6


2019-12-18 20:55:50,856 INFO receive config info: unknown#51770e3a1052:8848#1576673750856#6


2019-12-18 20:56:05,857 INFO receive config info: unknown#51770e3a1052:8848#1576673765857#6


2019-12-18 20:56:20,857 INFO receive config info: unknown#51770e3a1052:8848#1576673780857#6


2019-12-18 20:56:35,858 INFO receive config info: unknown#51770e3a1052:8848#1576673795858#6


2019-12-18 20:56:50,858 INFO receive config info: unknown#51770e3a1052:8848#1576673810858#6


2019-12-18 20:57:05,859 INFO receive config info: unknown#51770e3a1052:8848#1576673825859#6


2019-12-18 20:57:20,860 INFO receive config info: unknown#51770e3a1052:8848#1576673840860#6


2019-12-18 20:57:35,860 INFO receive config info: unknown#51770e3a1052:8848#1576673855860#6


2019-12-18 20:57:50,861 INFO receive config info: unknown#51770e3a1052:8848#1576673870861#6


2019-12-18 20:58:05,861 INFO receive config info: unknown#51770e3a1052:8848#1576673885861#6


2019-12-18 20:58:20,862 INFO receive config info: unknown#51770e3a1052:8848#1576673900862#6


2019-12-18 20:58:35,863 INFO receive config info: unknown#51770e3a1052:8848#1576673915863#6


2019-12-18 20:58:50,863 INFO receive config info: unknown#51770e3a1052:8848#1576673930863#6


2019-12-18 20:59:05,864 INFO receive config info: unknown#51770e3a1052:8848#1576673945864#6


2019-12-18 20:59:20,864 INFO receive config info: unknown#51770e3a1052:8848#1576673960864#6


2019-12-18 20:59:35,865 INFO receive config info: unknown#51770e3a1052:8848#1576673975865#6


2019-12-18 20:59:50,866 INFO receive config info: unknown#51770e3a1052:8848#1576673990866#6


2019-12-18 21:00:05,866 INFO receive config info: unknown#51770e3a1052:8848#1576674005866#6


2019-12-18 21:00:20,867 INFO receive config info: unknown#51770e3a1052:8848#1576674020867#6


2019-12-18 21:00:35,867 INFO receive config info: unknown#51770e3a1052:8848#1576674035867#6


2019-12-18 21:00:50,868 INFO receive config info: unknown#51770e3a1052:8848#1576674050868#6


2019-12-18 21:01:05,868 INFO receive config info: unknown#51770e3a1052:8848#1576674065868#6


2019-12-18 21:01:20,869 INFO receive config info: unknown#51770e3a1052:8848#1576674080869#6


2019-12-18 21:01:35,869 INFO receive config info: unknown#51770e3a1052:8848#1576674095869#6


2019-12-18 21:01:50,870 INFO receive config info: unknown#51770e3a1052:8848#1576674110870#6


2019-12-18 21:02:05,870 INFO receive config info: unknown#51770e3a1052:8848#1576674125870#6


2019-12-18 21:02:20,871 INFO receive config info: unknown#51770e3a1052:8848#1576674140871#6


2019-12-18 21:02:35,871 INFO receive config info: unknown#51770e3a1052:8848#1576674155871#6


2019-12-18 21:02:50,872 INFO receive config info: unknown#51770e3a1052:8848#1576674170872#6


2019-12-18 21:03:05,872 INFO receive config info: unknown#51770e3a1052:8848#1576674185872#6


2019-12-18 21:03:20,873 INFO receive config info: unknown#51770e3a1052:8848#1576674200873#6


2019-12-18 21:03:35,873 INFO receive config info: unknown#51770e3a1052:8848#1576674215873#6


2019-12-18 21:03:50,874 INFO receive config info: unknown#51770e3a1052:8848#1576674230874#6


2019-12-18 21:04:05,874 INFO receive config info: unknown#51770e3a1052:8848#1576674245874#6


2019-12-18 21:04:20,875 INFO receive config info: unknown#51770e3a1052:8848#1576674260875#6


2019-12-18 21:04:35,876 INFO receive config info: unknown#51770e3a1052:8848#1576674275876#6


2019-12-18 21:04:50,876 INFO receive config info: unknown#51770e3a1052:8848#1576674290876#6


2019-12-18 21:05:05,877 INFO receive config info: unknown#51770e3a1052:8848#1576674305877#6


2019-12-18 21:05:20,877 INFO receive config info: unknown#51770e3a1052:8848#1576674320877#6


2019-12-18 21:05:35,878 INFO receive config info: unknown#51770e3a1052:8848#1576674335878#6


2019-12-18 21:05:50,879 INFO receive config info: unknown#51770e3a1052:8848#1576674350878#6


2019-12-18 21:06:05,879 INFO receive config info: unknown#51770e3a1052:8848#1576674365879#6


2019-12-18 21:06:20,880 INFO receive config info: unknown#51770e3a1052:8848#1576674380880#6


2019-12-18 21:06:35,881 INFO receive config info: unknown#51770e3a1052:8848#1576674395881#6


2019-12-18 21:06:50,881 INFO receive config info: unknown#51770e3a1052:8848#1576674410881#6


2019-12-18 21:07:05,882 INFO receive config info: unknown#51770e3a1052:8848#1576674425882#6


2019-12-18 21:07:20,882 INFO receive config info: unknown#51770e3a1052:8848#1576674440882#6


2019-12-18 21:07:35,883 INFO receive config info: unknown#51770e3a1052:8848#1576674455883#6


2019-12-18 21:07:50,884 INFO receive config info: unknown#51770e3a1052:8848#1576674470884#6


2019-12-18 21:08:05,884 INFO receive config info: unknown#51770e3a1052:8848#1576674485884#6


2019-12-18 21:08:20,885 INFO receive config info: unknown#51770e3a1052:8848#1576674500885#6


2019-12-18 21:08:35,885 INFO receive config info: unknown#51770e3a1052:8848#1576674515885#6


2019-12-18 21:08:50,886 INFO receive config info: unknown#51770e3a1052:8848#1576674530886#6


2019-12-18 21:09:05,887 INFO receive config info: unknown#51770e3a1052:8848#1576674545887#6


2019-12-18 21:09:20,887 INFO receive config info: unknown#51770e3a1052:8848#1576674560887#6


2019-12-18 21:09:35,888 INFO receive config info: unknown#51770e3a1052:8848#1576674575888#6


2019-12-18 21:09:50,888 INFO receive config info: unknown#51770e3a1052:8848#1576674590888#6


2019-12-18 21:10:05,889 INFO receive config info: unknown#51770e3a1052:8848#1576674605889#6


2019-12-18 21:10:20,889 INFO receive config info: unknown#51770e3a1052:8848#1576674620889#6


2019-12-18 21:10:35,890 INFO receive config info: unknown#51770e3a1052:8848#1576674635890#6


2019-12-18 21:10:50,890 INFO receive config info: unknown#51770e3a1052:8848#1576674650890#6


2019-12-18 21:11:05,891 INFO receive config info: unknown#51770e3a1052:8848#1576674665891#6


2019-12-18 21:11:20,892 INFO receive config info: unknown#51770e3a1052:8848#1576674680892#6


2019-12-18 21:11:35,892 INFO receive config info: unknown#51770e3a1052:8848#1576674695892#6


2019-12-18 21:11:50,893 INFO receive config info: unknown#51770e3a1052:8848#1576674710893#6


2019-12-18 21:12:05,893 INFO receive config info: unknown#51770e3a1052:8848#1576674725893#6


2019-12-18 21:12:20,894 INFO receive config info: unknown#51770e3a1052:8848#1576674740894#6


2019-12-18 21:12:35,894 INFO receive config info: unknown#51770e3a1052:8848#1576674755894#6


2019-12-18 21:12:50,895 INFO receive config info: unknown#51770e3a1052:8848#1576674770895#6


2019-12-18 21:13:05,896 INFO receive config info: unknown#51770e3a1052:8848#1576674785896#6


2019-12-18 21:13:20,896 INFO receive config info: unknown#51770e3a1052:8848#1576674800896#6


2019-12-18 21:13:35,897 INFO receive config info: unknown#51770e3a1052:8848#1576674815897#6


2019-12-18 21:13:50,898 INFO receive config info: unknown#51770e3a1052:8848#1576674830898#6


2019-12-18 21:14:05,898 INFO receive config info: unknown#51770e3a1052:8848#1576674845898#6


2019-12-18 21:14:20,899 INFO receive config info: unknown#51770e3a1052:8848#1576674860899#6


2019-12-18 21:14:35,899 INFO receive config info: unknown#51770e3a1052:8848#1576674875899#6


2019-12-18 21:14:50,900 INFO receive config info: unknown#51770e3a1052:8848#1576674890900#6


2019-12-18 21:15:05,901 INFO receive config info: unknown#51770e3a1052:8848#1576674905901#6


2019-12-18 21:15:20,901 INFO receive config info: unknown#51770e3a1052:8848#1576674920901#6


2019-12-18 21:15:35,902 INFO receive config info: unknown#51770e3a1052:8848#1576674935902#6


2019-12-18 21:15:50,902 INFO receive config info: unknown#51770e3a1052:8848#1576674950902#6


2019-12-18 21:16:05,903 INFO receive config info: unknown#51770e3a1052:8848#1576674965903#6


2019-12-18 21:16:20,903 INFO receive config info: unknown#51770e3a1052:8848#1576674980903#6


2019-12-18 21:16:35,904 INFO receive config info: unknown#51770e3a1052:8848#1576674995904#6


2019-12-18 21:16:50,904 INFO receive config info: unknown#51770e3a1052:8848#1576675010904#6


2019-12-18 21:17:05,905 INFO receive config info: unknown#51770e3a1052:8848#1576675025905#6


2019-12-18 21:17:20,906 INFO receive config info: unknown#51770e3a1052:8848#1576675040905#6


2019-12-18 21:17:35,906 INFO receive config info: unknown#51770e3a1052:8848#1576675055906#6


2019-12-18 21:17:50,907 INFO receive config info: unknown#51770e3a1052:8848#1576675070907#6


2019-12-18 21:18:05,907 INFO receive config info: unknown#51770e3a1052:8848#1576675085907#6


2019-12-18 21:18:20,908 INFO receive config info: unknown#51770e3a1052:8848#1576675100908#6


2019-12-18 21:18:35,908 INFO receive config info: unknown#51770e3a1052:8848#1576675115908#6


2019-12-18 21:18:50,909 INFO receive config info: unknown#51770e3a1052:8848#1576675130909#6


2019-12-18 21:19:05,909 INFO receive config info: unknown#51770e3a1052:8848#1576675145909#6


2019-12-18 21:19:20,910 INFO receive config info: unknown#51770e3a1052:8848#1576675160910#6


2019-12-18 21:19:35,910 INFO receive config info: unknown#51770e3a1052:8848#1576675175910#6


2019-12-18 21:19:50,911 INFO receive config info: unknown#51770e3a1052:8848#1576675190911#6


2019-12-18 21:20:05,911 INFO receive config info: unknown#51770e3a1052:8848#1576675205911#6


2019-12-18 21:20:20,911 INFO receive config info: unknown#51770e3a1052:8848#1576675220911#6


2019-12-18 21:20:35,912 INFO receive config info: unknown#51770e3a1052:8848#1576675235912#6


2019-12-18 21:20:50,913 INFO receive config info: unknown#51770e3a1052:8848#1576675250913#6


2019-12-18 21:21:05,913 INFO receive config info: unknown#51770e3a1052:8848#1576675265913#6


2019-12-18 21:21:20,914 INFO receive config info: unknown#51770e3a1052:8848#1576675280914#6


2019-12-18 21:21:35,914 INFO receive config info: unknown#51770e3a1052:8848#1576675295914#6


2019-12-18 21:21:50,915 INFO receive config info: unknown#51770e3a1052:8848#1576675310915#6


2019-12-18 21:22:05,915 INFO receive config info: unknown#51770e3a1052:8848#1576675325915#6


2019-12-18 21:22:20,915 INFO receive config info: unknown#51770e3a1052:8848#1576675340915#6


2019-12-18 21:22:35,916 INFO receive config info: unknown#51770e3a1052:8848#1576675355916#6


2019-12-18 21:22:50,916 INFO receive config info: unknown#51770e3a1052:8848#1576675370916#6


2019-12-18 21:23:05,917 INFO receive config info: unknown#51770e3a1052:8848#1576675385917#6


2019-12-18 21:23:20,917 INFO receive config info: unknown#51770e3a1052:8848#1576675400917#6


2019-12-18 21:23:35,918 INFO receive config info: unknown#51770e3a1052:8848#1576675415918#6


2019-12-18 21:23:50,918 INFO receive config info: unknown#51770e3a1052:8848#1576675430918#6


2019-12-18 21:24:05,919 INFO receive config info: unknown#51770e3a1052:8848#1576675445919#6


2019-12-18 21:24:20,919 INFO receive config info: unknown#51770e3a1052:8848#1576675460919#6


2019-12-18 21:24:35,920 INFO receive config info: unknown#51770e3a1052:8848#1576675475920#6


2019-12-18 21:24:50,920 INFO receive config info: unknown#51770e3a1052:8848#1576675490920#6


2019-12-18 21:25:05,920 INFO receive config info: unknown#51770e3a1052:8848#1576675505920#6


2019-12-18 21:25:20,921 INFO receive config info: unknown#51770e3a1052:8848#1576675520921#6


2019-12-18 21:25:35,922 INFO receive config info: unknown#51770e3a1052:8848#1576675535922#6


2019-12-18 21:25:50,922 INFO receive config info: unknown#51770e3a1052:8848#1576675550922#6


2019-12-18 21:26:05,923 INFO receive config info: unknown#51770e3a1052:8848#1576675565923#6


2019-12-18 21:26:20,923 INFO receive config info: unknown#51770e3a1052:8848#1576675580923#6


2019-12-18 21:26:35,924 INFO receive config info: unknown#51770e3a1052:8848#1576675595924#6


2019-12-18 21:26:50,924 INFO receive config info: unknown#51770e3a1052:8848#1576675610924#6


2019-12-18 21:27:05,925 INFO receive config info: unknown#51770e3a1052:8848#1576675625925#6


2019-12-18 21:27:20,925 INFO receive config info: unknown#51770e3a1052:8848#1576675640925#6


2019-12-18 21:27:35,926 INFO receive config info: unknown#51770e3a1052:8848#1576675655926#6


2019-12-18 21:27:50,926 INFO receive config info: unknown#51770e3a1052:8848#1576675670926#6


2019-12-18 21:28:05,927 INFO receive config info: unknown#51770e3a1052:8848#1576675685927#6


2019-12-18 21:28:20,927 INFO receive config info: unknown#51770e3a1052:8848#1576675700927#6


2019-12-18 21:28:35,928 INFO receive config info: unknown#51770e3a1052:8848#1576675715928#6


2019-12-18 21:28:50,928 INFO receive config info: unknown#51770e3a1052:8848#1576675730928#6


2019-12-18 21:29:05,928 INFO receive config info: unknown#51770e3a1052:8848#1576675745928#6


2019-12-18 21:29:20,929 INFO receive config info: unknown#51770e3a1052:8848#1576675760929#6


2019-12-18 21:29:35,929 INFO receive config info: unknown#51770e3a1052:8848#1576675775929#6


2019-12-18 21:29:50,930 INFO receive config info: unknown#51770e3a1052:8848#1576675790930#6


2019-12-18 21:30:05,931 INFO receive config info: unknown#51770e3a1052:8848#1576675805931#6


2019-12-18 21:30:20,931 INFO receive config info: unknown#51770e3a1052:8848#1576675820931#6


2019-12-18 21:30:35,932 INFO receive config info: unknown#51770e3a1052:8848#1576675835932#6


2019-12-18 21:30:50,932 INFO receive config info: unknown#51770e3a1052:8848#1576675850932#6


2019-12-18 21:31:05,933 INFO receive config info: unknown#51770e3a1052:8848#1576675865933#6


2019-12-18 21:31:20,934 INFO receive config info: unknown#51770e3a1052:8848#1576675880934#6


2019-12-18 21:31:35,934 INFO receive config info: unknown#51770e3a1052:8848#1576675895934#6


2019-12-18 21:31:50,935 INFO receive config info: unknown#51770e3a1052:8848#1576675910935#6


2019-12-18 21:32:05,935 INFO receive config info: unknown#51770e3a1052:8848#1576675925935#6


2019-12-18 21:32:20,936 INFO receive config info: unknown#51770e3a1052:8848#1576675940936#6


2019-12-18 21:32:35,936 INFO receive config info: unknown#51770e3a1052:8848#1576675955936#6


2019-12-18 21:32:50,937 INFO receive config info: unknown#51770e3a1052:8848#1576675970937#6


2019-12-18 21:33:05,937 INFO receive config info: unknown#51770e3a1052:8848#1576675985937#6


2019-12-18 21:33:20,938 INFO receive config info: unknown#51770e3a1052:8848#1576676000938#6


2019-12-18 21:33:35,938 INFO receive config info: unknown#51770e3a1052:8848#1576676015938#6


2019-12-18 21:33:50,938 INFO receive config info: unknown#51770e3a1052:8848#1576676030938#6


2019-12-18 21:34:05,939 INFO receive config info: unknown#51770e3a1052:8848#1576676045939#6


2019-12-18 21:34:20,939 INFO receive config info: unknown#51770e3a1052:8848#1576676060939#6


2019-12-18 21:34:35,940 INFO receive config info: unknown#51770e3a1052:8848#1576676075940#6


2019-12-18 21:34:50,941 INFO receive config info: unknown#51770e3a1052:8848#1576676090941#6


2019-12-18 21:35:05,941 INFO receive config info: unknown#51770e3a1052:8848#1576676105941#6


2019-12-18 21:35:20,942 INFO receive config info: unknown#51770e3a1052:8848#1576676120942#6


2019-12-18 21:35:35,942 INFO receive config info: unknown#51770e3a1052:8848#1576676135942#6


2019-12-18 21:35:50,943 INFO receive config info: unknown#51770e3a1052:8848#1576676150943#6


2019-12-18 21:36:05,944 INFO receive config info: unknown#51770e3a1052:8848#1576676165944#6


2019-12-18 21:36:20,944 INFO receive config info: unknown#51770e3a1052:8848#1576676180944#6


2019-12-18 21:36:35,945 INFO receive config info: unknown#51770e3a1052:8848#1576676195945#6


2019-12-18 21:36:50,945 INFO receive config info: unknown#51770e3a1052:8848#1576676210945#6


2019-12-18 21:37:05,946 INFO receive config info: unknown#51770e3a1052:8848#1576676225946#6


2019-12-18 21:37:20,946 INFO receive config info: unknown#51770e3a1052:8848#1576676240946#6


2019-12-18 21:37:35,947 INFO receive config info: unknown#51770e3a1052:8848#1576676255947#6


2019-12-18 21:37:50,948 INFO receive config info: unknown#51770e3a1052:8848#1576676270948#6


2019-12-18 21:38:05,948 INFO receive config info: unknown#51770e3a1052:8848#1576676285948#6


2019-12-18 21:38:20,949 INFO receive config info: unknown#51770e3a1052:8848#1576676300949#6


2019-12-18 21:38:35,949 INFO receive config info: unknown#51770e3a1052:8848#1576676315949#6


2019-12-18 21:38:50,950 INFO receive config info: unknown#51770e3a1052:8848#1576676330950#6


2019-12-18 21:39:05,950 INFO receive config info: unknown#51770e3a1052:8848#1576676345950#6


2019-12-18 21:39:20,951 INFO receive config info: unknown#51770e3a1052:8848#1576676360951#6


2019-12-18 21:39:35,951 INFO receive config info: unknown#51770e3a1052:8848#1576676375951#6


2019-12-18 21:39:50,952 INFO receive config info: unknown#51770e3a1052:8848#1576676390952#6


2019-12-18 21:40:05,952 INFO receive config info: unknown#51770e3a1052:8848#1576676405952#6


2019-12-18 21:40:20,953 INFO receive config info: unknown#51770e3a1052:8848#1576676420953#6


2019-12-18 21:40:35,953 INFO receive config info: unknown#51770e3a1052:8848#1576676435953#6


2019-12-18 21:40:50,954 INFO receive config info: unknown#51770e3a1052:8848#1576676450954#6


2019-12-18 21:41:05,954 INFO receive config info: unknown#51770e3a1052:8848#1576676465954#6


2019-12-18 21:41:20,955 INFO receive config info: unknown#51770e3a1052:8848#1576676480955#6


2019-12-18 21:41:35,955 INFO receive config info: unknown#51770e3a1052:8848#1576676495955#6


2019-12-18 21:41:50,956 INFO receive config info: unknown#51770e3a1052:8848#1576676510956#6


2019-12-18 21:42:05,956 INFO receive config info: unknown#51770e3a1052:8848#1576676525956#6


2019-12-18 21:42:20,957 INFO receive config info: unknown#51770e3a1052:8848#1576676540957#6


2019-12-18 21:42:35,957 INFO receive config info: unknown#51770e3a1052:8848#1576676555957#6


2019-12-18 21:42:50,958 INFO receive config info: unknown#51770e3a1052:8848#1576676570958#6


2019-12-18 21:43:05,958 INFO receive config info: unknown#51770e3a1052:8848#1576676585958#6


2019-12-18 21:43:20,959 INFO receive config info: unknown#51770e3a1052:8848#1576676600959#6


2019-12-18 21:43:35,959 INFO receive config info: unknown#51770e3a1052:8848#1576676615959#6


2019-12-18 21:43:50,960 INFO receive config info: unknown#51770e3a1052:8848#1576676630960#6


2019-12-18 21:44:05,960 INFO receive config info: unknown#51770e3a1052:8848#1576676645960#6


2019-12-18 21:44:20,961 INFO receive config info: unknown#51770e3a1052:8848#1576676660961#6


2019-12-18 21:44:35,961 INFO receive config info: unknown#51770e3a1052:8848#1576676675961#6


2019-12-18 21:44:50,962 INFO receive config info: unknown#51770e3a1052:8848#1576676690962#6


2019-12-18 21:45:05,962 INFO receive config info: unknown#51770e3a1052:8848#1576676705962#6


2019-12-18 21:45:20,963 INFO receive config info: unknown#51770e3a1052:8848#1576676720963#6


2019-12-18 21:45:35,964 INFO receive config info: unknown#51770e3a1052:8848#1576676735964#6


2019-12-18 21:45:50,972 INFO receive config info: unknown#51770e3a1052:8848#1576676750972#6


2019-12-18 21:46:05,973 INFO receive config info: unknown#51770e3a1052:8848#1576676765973#6


2019-12-18 21:46:20,973 INFO receive config info: unknown#51770e3a1052:8848#1576676780973#6


2019-12-18 21:46:35,974 INFO receive config info: unknown#51770e3a1052:8848#1576676795974#6


2019-12-18 21:46:50,974 INFO receive config info: unknown#51770e3a1052:8848#1576676810974#6


2019-12-18 21:47:05,975 INFO receive config info: unknown#51770e3a1052:8848#1576676825975#6


2019-12-18 21:47:20,975 INFO receive config info: unknown#51770e3a1052:8848#1576676840975#6


2019-12-18 21:47:35,976 INFO receive config info: unknown#51770e3a1052:8848#1576676855976#6


2019-12-18 21:47:50,976 INFO receive config info: unknown#51770e3a1052:8848#1576676870976#6


2019-12-18 21:48:05,977 INFO receive config info: unknown#51770e3a1052:8848#1576676885977#6


2019-12-18 21:48:20,977 INFO receive config info: unknown#51770e3a1052:8848#1576676900977#6


2019-12-18 21:48:35,978 INFO receive config info: unknown#51770e3a1052:8848#1576676915978#6


2019-12-18 21:48:50,979 INFO receive config info: unknown#51770e3a1052:8848#1576676930978#6


2019-12-18 21:49:05,979 INFO receive config info: unknown#51770e3a1052:8848#1576676945979#6


2019-12-18 21:49:20,980 INFO receive config info: unknown#51770e3a1052:8848#1576676960980#6


2019-12-18 21:49:35,980 INFO receive config info: unknown#51770e3a1052:8848#1576676975980#6


2019-12-18 21:49:50,981 INFO receive config info: unknown#51770e3a1052:8848#1576676990981#6


2019-12-18 21:50:05,981 INFO receive config info: unknown#51770e3a1052:8848#1576677005981#6


2019-12-18 21:50:20,982 INFO receive config info: unknown#51770e3a1052:8848#1576677020982#6


2019-12-18 21:50:35,982 INFO receive config info: unknown#51770e3a1052:8848#1576677035982#6


2019-12-18 21:50:50,983 INFO receive config info: unknown#51770e3a1052:8848#1576677050983#6


2019-12-18 21:51:05,983 INFO receive config info: unknown#51770e3a1052:8848#1576677065983#6


2019-12-18 21:51:20,984 INFO receive config info: unknown#51770e3a1052:8848#1576677080984#6


2019-12-18 21:51:35,984 INFO receive config info: unknown#51770e3a1052:8848#1576677095984#6


2019-12-18 21:51:50,985 INFO receive config info: unknown#51770e3a1052:8848#1576677110985#6


2019-12-18 21:52:05,985 INFO receive config info: unknown#51770e3a1052:8848#1576677125985#6


2019-12-18 21:52:20,985 INFO receive config info: unknown#51770e3a1052:8848#1576677140985#6


2019-12-18 21:52:35,986 INFO receive config info: unknown#51770e3a1052:8848#1576677155986#6


2019-12-18 21:52:50,986 INFO receive config info: unknown#51770e3a1052:8848#1576677170986#6


2019-12-18 21:53:05,987 INFO receive config info: unknown#51770e3a1052:8848#1576677185987#6


2019-12-18 21:53:20,987 INFO receive config info: unknown#51770e3a1052:8848#1576677200987#6


2019-12-18 21:53:35,988 INFO receive config info: unknown#51770e3a1052:8848#1576677215988#6


2019-12-18 21:53:50,988 INFO receive config info: unknown#51770e3a1052:8848#1576677230988#6


2019-12-18 21:54:05,989 INFO receive config info: unknown#51770e3a1052:8848#1576677245989#6


2019-12-18 21:54:20,989 INFO receive config info: unknown#51770e3a1052:8848#1576677260989#6


2019-12-18 21:54:35,990 INFO receive config info: unknown#51770e3a1052:8848#1576677275990#6


2019-12-18 21:54:50,990 INFO receive config info: unknown#51770e3a1052:8848#1576677290990#6


2019-12-18 21:55:05,991 INFO receive config info: unknown#51770e3a1052:8848#1576677305991#6


2019-12-18 21:55:20,991 INFO receive config info: unknown#51770e3a1052:8848#1576677320991#6


2019-12-18 21:55:35,992 INFO receive config info: unknown#51770e3a1052:8848#1576677335992#6


2019-12-18 21:55:50,992 INFO receive config info: unknown#51770e3a1052:8848#1576677350992#6


2019-12-18 21:56:05,992 INFO receive config info: unknown#51770e3a1052:8848#1576677365992#6


2019-12-18 21:56:20,993 INFO receive config info: unknown#51770e3a1052:8848#1576677380993#6


2019-12-18 21:56:35,993 INFO receive config info: unknown#51770e3a1052:8848#1576677395993#6


2019-12-18 21:56:50,994 INFO receive config info: unknown#51770e3a1052:8848#1576677410994#6


2019-12-18 21:57:05,994 INFO receive config info: unknown#51770e3a1052:8848#1576677425994#6


2019-12-18 21:57:20,995 INFO receive config info: unknown#51770e3a1052:8848#1576677440995#6


2019-12-18 21:57:35,995 INFO receive config info: unknown#51770e3a1052:8848#1576677455995#6


2019-12-18 21:57:51,297 INFO receive config info: unknown#51770e3a1052:8848#1576677471297#6


2019-12-18 21:58:06,297 INFO receive config info: unknown#51770e3a1052:8848#1576677486297#6


2019-12-18 21:58:21,298 INFO receive config info: unknown#51770e3a1052:8848#1576677501298#6


2019-12-18 21:58:36,298 INFO receive config info: unknown#51770e3a1052:8848#1576677516298#6


2019-12-18 21:58:51,299 INFO receive config info: unknown#51770e3a1052:8848#1576677531299#6


2019-12-18 21:59:06,299 INFO receive config info: unknown#51770e3a1052:8848#1576677546299#6


2019-12-18 21:59:21,300 INFO receive config info: unknown#51770e3a1052:8848#1576677561300#6


2019-12-18 21:59:36,300 INFO receive config info: unknown#51770e3a1052:8848#1576677576300#6


2019-12-18 21:59:51,301 INFO receive config info: unknown#51770e3a1052:8848#1576677591301#6


2019-12-18 22:00:06,301 INFO receive config info: unknown#51770e3a1052:8848#1576677606301#6


2019-12-18 22:00:21,302 INFO receive config info: unknown#51770e3a1052:8848#1576677621302#6


2019-12-18 22:00:36,302 INFO receive config info: unknown#51770e3a1052:8848#1576677636302#6


2019-12-18 22:00:51,303 INFO receive config info: unknown#51770e3a1052:8848#1576677651303#6


2019-12-18 22:01:06,303 INFO receive config info: unknown#51770e3a1052:8848#1576677666303#6


2019-12-18 22:01:21,304 INFO receive config info: unknown#51770e3a1052:8848#1576677681304#6


2019-12-18 22:01:36,304 INFO receive config info: unknown#51770e3a1052:8848#1576677696304#6


2019-12-18 22:01:51,305 INFO receive config info: unknown#51770e3a1052:8848#1576677711305#6


2019-12-18 22:02:06,305 INFO receive config info: unknown#51770e3a1052:8848#1576677726305#6


2019-12-18 22:02:21,306 INFO receive config info: unknown#51770e3a1052:8848#1576677741306#6


2019-12-18 22:02:36,306 INFO receive config info: unknown#51770e3a1052:8848#1576677756306#6


2019-12-18 22:02:51,306 INFO receive config info: unknown#51770e3a1052:8848#1576677771306#6


2019-12-18 22:03:06,307 INFO receive config info: unknown#51770e3a1052:8848#1576677786307#6


2019-12-18 22:03:21,308 INFO receive config info: unknown#51770e3a1052:8848#1576677801308#6


2019-12-18 22:03:36,308 INFO receive config info: unknown#51770e3a1052:8848#1576677816308#6


2019-12-18 22:03:51,309 INFO receive config info: unknown#51770e3a1052:8848#1576677831309#6


2019-12-18 22:04:06,309 INFO receive config info: unknown#51770e3a1052:8848#1576677846309#6


2019-12-18 22:04:21,310 INFO receive config info: unknown#51770e3a1052:8848#1576677861310#6


2019-12-18 22:04:36,310 INFO receive config info: unknown#51770e3a1052:8848#1576677876310#6


2019-12-18 22:04:51,311 INFO receive config info: unknown#51770e3a1052:8848#1576677891311#6


2019-12-18 22:05:06,311 INFO receive config info: unknown#51770e3a1052:8848#1576677906311#6


2019-12-18 22:05:21,312 INFO receive config info: unknown#51770e3a1052:8848#1576677921312#6


2019-12-18 22:05:36,313 INFO receive config info: unknown#51770e3a1052:8848#1576677936313#6


2019-12-18 22:05:51,313 INFO receive config info: unknown#51770e3a1052:8848#1576677951313#6


2019-12-18 22:06:06,313 INFO receive config info: unknown#51770e3a1052:8848#1576677966313#6


2019-12-18 22:06:21,314 INFO receive config info: unknown#51770e3a1052:8848#1576677981314#6


2019-12-18 22:06:36,315 INFO receive config info: unknown#51770e3a1052:8848#1576677996315#6


2019-12-18 22:06:51,315 INFO receive config info: unknown#51770e3a1052:8848#1576678011315#6


2019-12-18 22:07:06,316 INFO receive config info: unknown#51770e3a1052:8848#1576678026316#6


2019-12-18 22:07:21,316 INFO receive config info: unknown#51770e3a1052:8848#1576678041316#6


2019-12-18 22:07:36,317 INFO receive config info: unknown#51770e3a1052:8848#1576678056317#6


2019-12-18 22:07:51,317 INFO receive config info: unknown#51770e3a1052:8848#1576678071317#6


2019-12-18 22:08:06,318 INFO receive config info: unknown#51770e3a1052:8848#1576678086318#6


2019-12-18 22:08:21,318 INFO receive config info: unknown#51770e3a1052:8848#1576678101318#6


2019-12-18 22:08:36,319 INFO receive config info: unknown#51770e3a1052:8848#1576678116319#6


2019-12-18 22:08:51,319 INFO receive config info: unknown#51770e3a1052:8848#1576678131319#6


2019-12-18 22:09:06,320 INFO receive config info: unknown#51770e3a1052:8848#1576678146320#6


2019-12-18 22:09:21,320 INFO receive config info: unknown#51770e3a1052:8848#1576678161320#6


2019-12-18 22:09:36,320 INFO receive config info: unknown#51770e3a1052:8848#1576678176320#6


2019-12-18 22:09:51,321 INFO receive config info: unknown#51770e3a1052:8848#1576678191321#6


2019-12-18 22:10:06,322 INFO receive config info: unknown#51770e3a1052:8848#1576678206322#6


2019-12-18 22:10:21,323 INFO receive config info: unknown#51770e3a1052:8848#1576678221323#6


2019-12-18 22:10:36,324 INFO receive config info: unknown#51770e3a1052:8848#1576678236324#6


2019-12-18 22:10:51,324 INFO receive config info: unknown#51770e3a1052:8848#1576678251324#6


2019-12-18 22:11:06,324 INFO receive config info: unknown#51770e3a1052:8848#1576678266324#6


2019-12-18 22:11:21,325 INFO receive config info: unknown#51770e3a1052:8848#1576678281325#6


2019-12-18 22:11:36,325 INFO receive config info: unknown#51770e3a1052:8848#1576678296325#6


2019-12-18 22:11:51,326 INFO receive config info: unknown#51770e3a1052:8848#1576678311326#6


2019-12-18 22:12:06,326 INFO receive config info: unknown#51770e3a1052:8848#1576678326326#6


2019-12-18 22:12:21,327 INFO receive config info: unknown#51770e3a1052:8848#1576678341327#6


2019-12-18 22:12:36,327 INFO receive config info: unknown#51770e3a1052:8848#1576678356327#6


2019-12-18 22:12:51,328 INFO receive config info: unknown#51770e3a1052:8848#1576678371328#6


2019-12-18 22:13:06,328 INFO receive config info: unknown#51770e3a1052:8848#1576678386328#6


2019-12-18 22:13:21,329 INFO receive config info: unknown#51770e3a1052:8848#1576678401329#6


2019-12-18 22:13:36,329 INFO receive config info: unknown#51770e3a1052:8848#1576678416329#6


2019-12-18 22:13:51,330 INFO receive config info: unknown#51770e3a1052:8848#1576678431330#6


2019-12-18 22:14:06,330 INFO receive config info: unknown#51770e3a1052:8848#1576678446330#6


2019-12-18 22:14:21,331 INFO receive config info: unknown#51770e3a1052:8848#1576678461331#6


2019-12-18 22:14:36,331 INFO receive config info: unknown#51770e3a1052:8848#1576678476331#6


2019-12-18 22:14:51,332 INFO receive config info: unknown#51770e3a1052:8848#1576678491332#6


2019-12-18 22:15:06,332 INFO receive config info: unknown#51770e3a1052:8848#1576678506332#6


2019-12-18 22:15:21,333 INFO receive config info: unknown#51770e3a1052:8848#1576678521333#6


2019-12-18 22:15:36,333 INFO receive config info: unknown#51770e3a1052:8848#1576678536333#6


2019-12-18 22:15:51,333 INFO receive config info: unknown#51770e3a1052:8848#1576678551333#6


2019-12-18 22:16:06,334 INFO receive config info: unknown#51770e3a1052:8848#1576678566334#6


2019-12-18 22:16:21,334 INFO receive config info: unknown#51770e3a1052:8848#1576678581334#6


2019-12-18 22:16:36,335 INFO receive config info: unknown#51770e3a1052:8848#1576678596335#6


2019-12-18 22:16:51,335 INFO receive config info: unknown#51770e3a1052:8848#1576678611335#6


2019-12-18 22:17:06,336 INFO receive config info: unknown#51770e3a1052:8848#1576678626336#6


2019-12-18 22:17:21,336 INFO receive config info: unknown#51770e3a1052:8848#1576678641336#6


2019-12-18 22:17:36,337 INFO receive config info: unknown#51770e3a1052:8848#1576678656337#6


2019-12-18 22:17:51,337 INFO receive config info: unknown#51770e3a1052:8848#1576678671337#6


2019-12-18 22:18:06,337 INFO receive config info: unknown#51770e3a1052:8848#1576678686337#6


2019-12-18 22:18:21,338 INFO receive config info: unknown#51770e3a1052:8848#1576678701338#6


2019-12-18 22:18:36,338 INFO receive config info: unknown#51770e3a1052:8848#1576678716338#6


2019-12-18 22:18:51,339 INFO receive config info: unknown#51770e3a1052:8848#1576678731339#6


2019-12-18 22:19:06,339 INFO receive config info: unknown#51770e3a1052:8848#1576678746339#6


2019-12-18 22:19:21,340 INFO receive config info: unknown#51770e3a1052:8848#1576678761340#6


2019-12-18 22:19:36,340 INFO receive config info: unknown#51770e3a1052:8848#1576678776340#6


2019-12-18 22:19:51,341 INFO receive config info: unknown#51770e3a1052:8848#1576678791341#6


2019-12-18 22:20:06,342 INFO receive config info: unknown#51770e3a1052:8848#1576678806342#6


2019-12-18 22:20:21,342 INFO receive config info: unknown#51770e3a1052:8848#1576678821342#6


2019-12-18 22:20:36,342 INFO receive config info: unknown#51770e3a1052:8848#1576678836342#6


2019-12-18 22:20:51,343 INFO receive config info: unknown#51770e3a1052:8848#1576678851343#6


2019-12-18 22:21:06,343 INFO receive config info: unknown#51770e3a1052:8848#1576678866343#6


2019-12-18 22:21:21,344 INFO receive config info: unknown#51770e3a1052:8848#1576678881344#6


2019-12-18 22:21:36,344 INFO receive config info: unknown#51770e3a1052:8848#1576678896344#6


2019-12-18 22:21:51,345 INFO receive config info: unknown#51770e3a1052:8848#1576678911345#6


2019-12-18 22:22:06,345 INFO receive config info: unknown#51770e3a1052:8848#1576678926345#6


2019-12-18 22:22:21,346 INFO receive config info: unknown#51770e3a1052:8848#1576678941346#6


2019-12-18 22:22:36,346 INFO receive config info: unknown#51770e3a1052:8848#1576678956346#6


2019-12-18 22:22:51,346 INFO receive config info: unknown#51770e3a1052:8848#1576678971346#6


2019-12-18 22:23:06,347 INFO receive config info: unknown#51770e3a1052:8848#1576678986347#6


2019-12-18 22:23:21,347 INFO receive config info: unknown#51770e3a1052:8848#1576679001347#6


2019-12-18 22:23:36,348 INFO receive config info: unknown#51770e3a1052:8848#1576679016348#6


2019-12-18 22:23:51,348 INFO receive config info: unknown#51770e3a1052:8848#1576679031348#6


2019-12-18 22:24:06,349 INFO receive config info: unknown#51770e3a1052:8848#1576679046349#6


2019-12-18 22:24:21,349 INFO receive config info: unknown#51770e3a1052:8848#1576679061349#6


2019-12-18 22:24:36,349 INFO receive config info: unknown#51770e3a1052:8848#1576679076349#6


2019-12-18 22:24:51,350 INFO receive config info: unknown#51770e3a1052:8848#1576679091350#6


2019-12-18 22:25:06,350 INFO receive config info: unknown#51770e3a1052:8848#1576679106350#6


2019-12-18 22:25:21,351 INFO receive config info: unknown#51770e3a1052:8848#1576679121351#6


2019-12-18 22:25:36,351 INFO receive config info: unknown#51770e3a1052:8848#1576679136351#6


2019-12-18 22:25:51,351 INFO receive config info: unknown#51770e3a1052:8848#1576679151351#6


2019-12-18 22:26:06,352 INFO receive config info: unknown#51770e3a1052:8848#1576679166352#6


2019-12-18 22:26:21,352 INFO receive config info: unknown#51770e3a1052:8848#1576679181352#6


2019-12-18 22:26:36,353 INFO receive config info: unknown#51770e3a1052:8848#1576679196353#6


2019-12-18 22:26:51,353 INFO receive config info: unknown#51770e3a1052:8848#1576679211353#6


2019-12-18 22:27:06,353 INFO receive config info: unknown#51770e3a1052:8848#1576679226353#6


2019-12-18 22:27:21,354 INFO receive config info: unknown#51770e3a1052:8848#1576679241354#6


2019-12-18 22:27:36,354 INFO receive config info: unknown#51770e3a1052:8848#1576679256354#6


2019-12-18 22:27:51,355 INFO receive config info: unknown#51770e3a1052:8848#1576679271355#6


2019-12-18 22:28:06,355 INFO receive config info: unknown#51770e3a1052:8848#1576679286355#6


2019-12-18 22:28:21,356 INFO receive config info: unknown#51770e3a1052:8848#1576679301356#6


2019-12-18 22:28:36,356 INFO receive config info: unknown#51770e3a1052:8848#1576679316356#6


2019-12-18 22:28:51,357 INFO receive config info: unknown#51770e3a1052:8848#1576679331357#6


2019-12-18 22:29:06,357 INFO receive config info: unknown#51770e3a1052:8848#1576679346357#6


2019-12-18 22:29:21,357 INFO receive config info: unknown#51770e3a1052:8848#1576679361357#6


2019-12-18 22:29:36,358 INFO receive config info: unknown#51770e3a1052:8848#1576679376358#6


2019-12-18 22:29:51,358 INFO receive config info: unknown#51770e3a1052:8848#1576679391358#6


2019-12-18 22:30:06,359 INFO receive config info: unknown#51770e3a1052:8848#1576679406359#6


2019-12-18 22:30:21,359 INFO receive config info: unknown#51770e3a1052:8848#1576679421359#6


2019-12-18 22:30:36,360 INFO receive config info: unknown#51770e3a1052:8848#1576679436360#6


2019-12-18 22:30:51,360 INFO receive config info: unknown#51770e3a1052:8848#1576679451360#6


2019-12-18 22:31:06,360 INFO receive config info: unknown#51770e3a1052:8848#1576679466360#6


2019-12-18 22:31:21,361 INFO receive config info: unknown#51770e3a1052:8848#1576679481361#6


2019-12-18 22:31:36,361 INFO receive config info: unknown#51770e3a1052:8848#1576679496361#6


