2019-12-11 17:30:24,563 INFO initializing Raft sub-system

2019-12-11 17:30:24,565 INFO raft notifier started

2019-12-11 17:30:24,565 INFO finish loading all datums, size: 0 cost 0 ms.

2019-12-11 17:30:24,574 INFO cache loaded, datum count: 0, current term: 0

2019-12-11 17:30:24,574 INFO finish to load data from disk, cost: 9 ms.

2019-12-11 17:30:24,582 INFO timer started: leader timeout ms: 15000, heart-beat timeout ms: 5000

2019-12-11 17:30:24,321 INFO server list is updated, new: 1 servers: [{"adWeight":0,"alive":false,"ip":"31af36e7cb6e","key":"31af36e7cb6e:0","lastRefTime":0,"servePort":0,"site":"unknown","weight":1}]

2019-12-11 17:30:24,599 INFO raft peers changed: [{"adWeight":0,"alive":false,"ip":"31af36e7cb6e","key":"31af36e7cb6e:0","lastRefTime":0,"lastRefTimeStr":"","servePort":0,"site":"unknown","weight":1}]

2019-12-11 17:30:24,743 INFO add listener: com.alibaba.nacos.naming.domains.meta.

2019-12-11 17:30:38,013 INFO add listener: com.alibaba.nacos.naming.domains.meta.00-00---000-NACOS_SWITCH_DOMAIN-000---00-00

2019-12-11 17:30:49,242 INFO server list is updated, new: 1 servers: [{"adWeight":0,"alive":false,"ip":"31af36e7cb6e","key":"31af36e7cb6e:8848","lastRefTime":0,"lastRefTimeStr":"","servePort":8848,"site":"unknown","weight":1}]

2019-12-11 17:30:49,242 INFO server list is updated, dead: 1, servers: [{"adWeight":0,"alive":false,"ip":"31af36e7cb6e","key":"31af36e7cb6e:0","lastRefTime":0,"lastRefTimeStr":"","servePort":0,"site":"unknown","weight":1}]

2019-12-11 17:30:49,243 INFO raft peers changed: [{"adWeight":0,"alive":false,"ip":"31af36e7cb6e","key":"31af36e7cb6e:8848","lastRefTime":0,"lastRefTimeStr":"","servePort":8848,"site":"unknown","weight":1}]

2019-12-11 17:31:14,233 INFO raft peers changed: [{"adWeight":0,"alive":false,"ip":"31af36e7cb6e","key":"31af36e7cb6e:8848","lastRefTime":0,"lastRefTimeStr":"","servePort":8848,"site":"unknown","weight":1}]

2019-12-11 17:42:35,499 INFO raft peers changed: [{"adWeight":0,"alive":false,"ip":"31af36e7cb6e","key":"31af36e7cb6e:8848","lastRefTime":0,"lastRefTimeStr":"","servePort":8848,"site":"unknown","weight":1}]

2019-12-11 17:42:48,802 INFO leader timeout, start voting,leader: {"heartbeatDueMs":4000,"ip":"31af36e7cb6e:8848","leaderDueMs":17856,"state":"FOLLOWER","term":0,"voteFor":""}, term: 0

2019-12-11 17:42:48,914 INFO leader timeout, start voting,leader: {"heartbeatDueMs":5000,"ip":"31af36e7cb6e:8848","leaderDueMs":17667,"state":"CANDIDATE","term":1,"voteFor":"31af36e7cb6e:8848"}, term: 1

2019-12-11 17:42:48,969 INFO leader timeout, start voting,leader: {"heartbeatDueMs":5000,"ip":"31af36e7cb6e:8848","leaderDueMs":19879,"state":"CANDIDATE","term":2,"voteFor":"31af36e7cb6e:8848"}, term: 2

2019-12-11 17:42:49,019 INFO leader timeout, start voting,leader: {"heartbeatDueMs":5000,"ip":"31af36e7cb6e:8848","leaderDueMs":15438,"state":"CANDIDATE","term":3,"voteFor":"31af36e7cb6e:8848"}, term: 3

2019-12-11 17:42:49,052 INFO leader timeout, start voting,leader: {"heartbeatDueMs":5000,"ip":"31af36e7cb6e:8848","leaderDueMs":18690,"state":"CANDIDATE","term":4,"voteFor":"31af36e7cb6e:8848"}, term: 4

2019-12-11 17:43:03,803 INFO raft peers changed: [{"adWeight":0,"alive":false,"ip":"31af36e7cb6e","key":"31af36e7cb6e:8848","lastRefTime":0,"lastRefTimeStr":"","servePort":8848,"site":"unknown","weight":1}]

2019-12-11 17:44:51,461 INFO leader timeout, start voting,leader: {"heartbeatDueMs":5000,"ip":"31af36e7cb6e:8848","leaderDueMs":17665,"state":"CANDIDATE","term":5,"voteFor":"31af36e7cb6e:8848"}, term: 5

2019-12-11 17:45:18,508 INFO leader timeout, start voting,leader: {"heartbeatDueMs":5000,"ip":"31af36e7cb6e:8848","leaderDueMs":17271,"state":"CANDIDATE","term":6,"voteFor":"31af36e7cb6e:8848"}, term: 6

