2019-12-11 17:31:10,564 INFO PERFORMANCE:|0|0|-1|-1

2019-12-11 17:36:10,230 INFO PERFORMANCE:|0|0|-1|-1

2019-12-11 17:41:10,118 INFO PERFORMANCE:|0|0|-1|-1

2019-12-11 17:46:14,078 INFO PERFORMANCE:|0|0|-1|-1

2019-12-11 17:51:13,796 INFO PERFORMANCE:|0|0|-1|-1

2019-12-11 17:56:13,484 INFO PERFORMANCE:|0|0|-1|-1

2019-12-11 18:01:13,182 INFO PERFORMANCE:|0|0|-1|-1

2019-12-11 18:06:12,831 INFO PERFORMANCE:|0|0|-1|-1

2019-12-11 18:11:12,505 INFO PERFORMANCE:|0|0|-1|-1

2019-12-11 18:16:12,218 INFO PERFORMANCE:|0|0|-1|-1

2019-12-11 18:21:11,885 INFO PERFORMANCE:|0|0|-1|-1

2019-12-11 18:26:11,568 INFO PERFORMANCE:|0|0|-1|-1

2019-12-18 20:34:26,817 INFO PERFORMANCE:|0|0|-1|-1

2019-12-18 20:39:26,834 INFO PERFORMANCE:|0|0|-1|-1

2019-12-18 20:44:26,834 INFO PERFORMANCE:|0|0|-1|-1

2019-12-18 20:49:26,834 INFO PERFORMANCE:|0|0|-1|-1

2019-12-18 20:54:26,834 INFO PERFORMANCE:|0|0|-1|-1

2019-12-18 20:59:26,835 INFO PERFORMANCE:|0|0|-1|-1

2019-12-18 21:04:26,835 INFO PERFORMANCE:|0|0|-1|-1

2019-12-18 21:09:26,835 INFO PERFORMANCE:|0|0|-1|-1

2019-12-18 21:14:26,836 INFO PERFORMANCE:|0|0|-1|-1

2019-12-18 21:19:26,844 INFO PERFORMANCE:|0|0|-1|-1

2019-12-18 21:24:26,844 INFO PERFORMANCE:|0|0|-1|-1

2019-12-18 21:29:26,855 INFO PERFORMANCE:|0|0|-1|-1

2019-12-18 21:34:26,855 INFO PERFORMANCE:|0|0|-1|-1

2019-12-18 21:39:26,855 INFO PERFORMANCE:|0|0|-1|-1

2019-12-18 21:44:26,929 INFO PERFORMANCE:|0|0|-1|-1

2019-12-18 21:49:26,929 INFO PERFORMANCE:|0|0|-1|-1

2019-12-18 21:54:26,929 INFO PERFORMANCE:|0|0|-1|-1

2019-12-18 21:59:26,929 INFO PERFORMANCE:|0|0|-1|-1

2019-12-18 22:04:26,930 INFO PERFORMANCE:|0|0|-1|-1

2019-12-18 22:09:26,930 INFO PERFORMANCE:|0|0|-1|-1

2019-12-18 22:14:26,930 INFO PERFORMANCE:|0|0|-1|-1

2019-12-18 22:19:26,930 INFO PERFORMANCE:|0|0|-1|-1

2019-12-18 22:24:26,931 INFO PERFORMANCE:|0|0|-1|-1

2019-12-18 22:29:26,931 INFO PERFORMANCE:|0|0|-1|-1

