
         ,--.
       ,--.'|
   ,--,:  : |                                           Nacos 1.1.3
,`--.'`|  ' :                       ,---.               Running in stand alone mode, All function modules
|   :  :  | |                      '   ,'\   .--.--.    Port: 8848
:   |   \ | :  ,--.--.     ,---.  /   /   | /  /    '   Pid: 24
|   : '  '; | /       \   /     \.   ; ,. :|  :  /`./   Console: http://31af36e7cb6e:8848/nacos/index.html
'   ' ;.    ;.--.  .-. | /    / ''   | |: :|  :  ;_
|   | | \   | \__\/: . ..    ' / '   | .; : \  \    `.      https://nacos.io
'   : |  ; .' ," .--.; |'   ; :__|   :    |  `----.   \
|   | '`--'  /  /  ,.  |'   | '.'|\   \  /  /  /`--'  /
'   : |     ;  :   .'   \   :    : `----'  '--'.     /
;   |.'     |  ,     .-./\   \  /            `--'---'
'---'        `--`---'     `----'

2019-12-11 17:30:21,548 INFO Bean 'org.springframework.security.config.annotation.configuration.ObjectPostProcessorConfiguration' of type [org.springframework.security.config.annotation.configuration.ObjectPostProcessorConfiguration$$EnhancerBySpringCGLIB$$2e2ecc17] is not eligible for getting processed by all BeanPostProcessors (for example: not eligible for auto-proxying)

2019-12-11 17:30:21,864 INFO Bean 'objectPostProcessor' of type [org.springframework.security.config.annotation.configuration.AutowireBeanFactoryObjectPostProcessor] is not eligible for getting processed by all BeanPostProcessors (for example: not eligible for auto-proxying)

2019-12-11 17:30:21,875 INFO Bean 'org.springframework.security.access.expression.method.DefaultMethodSecurityExpressionHandler@117159c0' of type [org.springframework.security.access.expression.method.DefaultMethodSecurityExpressionHandler] is not eligible for getting processed by all BeanPostProcessors (for example: not eligible for auto-proxying)

2019-12-11 17:30:21,884 INFO Bean 'org.springframework.security.config.annotation.method.configuration.GlobalMethodSecurityConfiguration' of type [org.springframework.security.config.annotation.method.configuration.GlobalMethodSecurityConfiguration$$EnhancerBySpringCGLIB$$53036ec9] is not eligible for getting processed by all BeanPostProcessors (for example: not eligible for auto-proxying)

2019-12-11 17:30:21,902 INFO Bean 'methodSecurityMetadataSource' of type [org.springframework.security.access.method.DelegatingMethodSecurityMetadataSource] is not eligible for getting processed by all BeanPostProcessors (for example: not eligible for auto-proxying)

2019-12-11 17:30:23,535 INFO Tomcat initialized with port(s): 8848 (http)

2019-12-11 17:30:24,148 INFO Root WebApplicationContext: initialization completed in 17424 ms

2019-12-11 17:30:43,963 INFO Initializing ExecutorService 'applicationTaskExecutor'

2019-12-11 17:30:45,111 INFO Adding welcome page: class path resource [static/index.html]

2019-12-11 17:30:47,603 INFO Creating filter chain: Ant [pattern='/'], []

2019-12-11 17:30:47,608 INFO Creating filter chain: Ant [pattern='/**/*.css'], []

2019-12-11 17:30:47,625 INFO Creating filter chain: Ant [pattern='/**/*.js'], []

2019-12-11 17:30:47,626 INFO Creating filter chain: Ant [pattern='/**/*.html'], []

2019-12-11 17:30:47,629 INFO Creating filter chain: Ant [pattern='/**/*.map'], []

2019-12-11 17:30:47,631 INFO Creating filter chain: Ant [pattern='/**/*.svg'], []

2019-12-11 17:30:47,632 INFO Creating filter chain: Ant [pattern='/**/*.png'], []

2019-12-11 17:30:47,633 INFO Creating filter chain: Ant [pattern='/**/*.ico'], []

2019-12-11 17:30:47,635 INFO Creating filter chain: Ant [pattern='/console-fe/public/**'], []

2019-12-11 17:30:47,636 INFO Creating filter chain: Ant [pattern='/v1/auth/login'], []

2019-12-11 17:30:47,638 INFO Creating filter chain: Ant [pattern='/v1/console/health/**'], []

2019-12-11 17:30:47,639 INFO Creating filter chain: Ant [pattern='/v1/cs/**'], []

2019-12-11 17:30:47,640 INFO Creating filter chain: Ant [pattern='/v1/ns/**'], []

2019-12-11 17:30:47,642 INFO Creating filter chain: Ant [pattern='/v1/cmdb/**'], []

2019-12-11 17:30:47,643 INFO Creating filter chain: Ant [pattern='/actuator/**'], []

2019-12-11 17:30:47,644 INFO Creating filter chain: Ant [pattern='/v1/console/server/**'], []

2019-12-11 17:30:47,745 INFO Creating filter chain: any request, [org.springframework.security.web.context.request.async.WebAsyncManagerIntegrationFilter@2c104774, org.springframework.security.web.context.SecurityContextPersistenceFilter@51850751, org.springframework.security.web.header.HeaderWriterFilter@28d6290, org.springframework.security.web.authentication.logout.LogoutFilter@4275c20c, com.alibaba.nacos.console.filter.JwtAuthenticationTokenFilter@2cb3d0f7, org.springframework.security.web.savedrequest.RequestCacheAwareFilter@64df9a61, org.springframework.security.web.servletapi.SecurityContextHolderAwareRequestFilter@2c3dec30, org.springframework.security.web.authentication.AnonymousAuthenticationFilter@4e517165, org.springframework.security.web.session.SessionManagementFilter@5ef0d29e, org.springframework.security.web.access.ExceptionTranslationFilter@1de5f0ef, org.springframework.security.web.access.intercept.FilterSecurityInterceptor@4ba534b0]

2019-12-11 17:30:47,848 INFO Exposing 2 endpoint(s) beneath base path '/actuator'

2019-12-11 17:30:47,936 INFO Initializing ExecutorService 'taskScheduler'

2019-12-11 17:30:48,311 INFO Tomcat started on port(s): 8848 (http) with context path '/nacos'

2019-12-11 17:30:48,326 INFO Nacos Log files: /home/nacos/logs/

2019-12-11 17:30:48,327 INFO Nacos Conf files: /home/nacos/conf/

2019-12-11 17:30:48,331 INFO Nacos Data files: /home/nacos/data/

2019-12-11 17:30:48,333 INFO Nacos started successfully in stand alone mode.

2019-12-11 17:30:50,215 INFO Initializing Servlet 'dispatcherServlet'

2019-12-11 17:30:50,260 INFO Completed initialization in 41 ms

